[2013-02-02 00:29:28.681] [INFO] /node_modules/pomelo/lib/application.js - application inited: "chat-server-2"
[2013-02-02 00:29:29.096] [INFO] console - info: 'socket.io started'
[2013-02-02 00:29:29.098] [WARN] console - path is empty, path:/Users/xiaohei107/Documents/资料/Github资料/TanksWar-Server/game-server/app/servers/chat/handler
[2013-02-02 00:29:29.109] [INFO] /node_modules/pomelo/node_modules/pomelo-admin/lib/consoleService.js - try to connect master: "chat", "127.0.0.1", 3005
[2013-02-02 00:29:29.171] [DEBUG] /node_modules/pomelo/lib/modules/afterStart.js - after start: "chat-server-2"
[2013-02-02 00:29:29.172] [INFO] /node_modules/pomelo/lib/modules/afterStart.js - server "chat-server-2" started.
[2013-02-02 00:58:16.116] [INFO] /node_modules/pomelo/lib/application.js - application inited: "chat-server-2"
[2013-02-02 00:58:16.492] [INFO] console - info: 'socket.io started'
[2013-02-02 00:58:16.494] [WARN] console - path is empty, path:/Users/xiaohei107/Documents/资料/Github资料/TanksWar-Server/game-server/app/servers/chat/handler
[2013-02-02 00:58:16.504] [INFO] /node_modules/pomelo/node_modules/pomelo-admin/lib/consoleService.js - try to connect master: "chat", "127.0.0.1", 3005
[2013-02-02 00:58:16.594] [DEBUG] /node_modules/pomelo/lib/modules/afterStart.js - after start: "chat-server-2"
[2013-02-02 00:58:16.595] [INFO] /node_modules/pomelo/lib/modules/afterStart.js - server "chat-server-2" started.
[2013-02-02 00:59:45.026] [INFO] /node_modules/pomelo/lib/application.js - application inited: "chat-server-2"
[2013-02-02 00:59:45.437] [INFO] console - info: 'socket.io started'
[2013-02-02 00:59:45.439] [WARN] console - path is empty, path:/Users/xiaohei107/Documents/资料/Github资料/TanksWar-Server/game-server/app/servers/chat/handler
[2013-02-02 00:59:45.449] [INFO] /node_modules/pomelo/node_modules/pomelo-admin/lib/consoleService.js - try to connect master: "chat", "127.0.0.1", 3005
[2013-02-02 00:59:45.527] [DEBUG] /node_modules/pomelo/lib/modules/afterStart.js - after start: "chat-server-2"
[2013-02-02 00:59:45.527] [INFO] /node_modules/pomelo/lib/modules/afterStart.js - server "chat-server-2" started.
[2013-02-02 01:00:45.352] [INFO] /node_modules/pomelo/lib/application.js - application inited: "chat-server-2"
[2013-02-02 01:00:45.725] [INFO] console - info: 'socket.io started'
[2013-02-02 01:00:45.727] [WARN] console - path is empty, path:/Users/xiaohei107/Documents/资料/Github资料/TanksWar-Server/game-server/app/servers/chat/handler
[2013-02-02 01:00:45.737] [INFO] /node_modules/pomelo/node_modules/pomelo-admin/lib/consoleService.js - try to connect master: "chat", "127.0.0.1", 3005
[2013-02-02 01:00:45.827] [DEBUG] /node_modules/pomelo/lib/modules/afterStart.js - after start: "chat-server-2"
[2013-02-02 01:00:45.828] [INFO] /node_modules/pomelo/lib/modules/afterStart.js - server "chat-server-2" started.
[2013-02-02 01:01:05.684] [INFO] /node_modules/pomelo/lib/application.js - application inited: "chat-server-2"
[2013-02-02 01:01:06.062] [INFO] console - info: 'socket.io started'
[2013-02-02 01:01:06.064] [WARN] console - path is empty, path:/Users/xiaohei107/Documents/资料/Github资料/TanksWar-Server/game-server/app/servers/chat/handler
[2013-02-02 01:01:06.074] [INFO] /node_modules/pomelo/node_modules/pomelo-admin/lib/consoleService.js - try to connect master: "chat", "127.0.0.1", 3005
[2013-02-02 01:01:06.137] [DEBUG] /node_modules/pomelo/lib/modules/afterStart.js - after start: "chat-server-2"
[2013-02-02 01:01:06.137] [INFO] /node_modules/pomelo/lib/modules/afterStart.js - server "chat-server-2" started.
[2013-02-02 01:02:45.164] [INFO] /node_modules/pomelo/lib/application.js - application inited: "chat-server-2"
[2013-02-02 01:02:45.564] [INFO] console - info: 'socket.io started'
[2013-02-02 01:02:45.566] [WARN] console - path is empty, path:/Users/xiaohei107/Documents/资料/Github资料/TanksWar-Server/game-server/app/servers/chat/handler
[2013-02-02 01:02:45.575] [INFO] /node_modules/pomelo/node_modules/pomelo-admin/lib/consoleService.js - try to connect master: "chat", "127.0.0.1", 3005
[2013-02-02 01:02:45.667] [DEBUG] /node_modules/pomelo/lib/modules/afterStart.js - after start: "chat-server-2"
[2013-02-02 01:02:45.667] [INFO] /node_modules/pomelo/lib/modules/afterStart.js - server "chat-server-2" started.
[2013-02-02 01:03:35.481] [INFO] /node_modules/pomelo/lib/application.js - application inited: "chat-server-2"
[2013-02-02 01:03:35.871] [INFO] console - info: 'socket.io started'
[2013-02-02 01:03:35.873] [WARN] console - path is empty, path:/Users/xiaohei107/Documents/资料/Github资料/TanksWar-Server/game-server/app/servers/chat/handler
[2013-02-02 01:03:35.884] [INFO] /node_modules/pomelo/node_modules/pomelo-admin/lib/consoleService.js - try to connect master: "chat", "127.0.0.1", 3005
[2013-02-02 01:03:35.989] [DEBUG] /node_modules/pomelo/lib/modules/afterStart.js - after start: "chat-server-2"
[2013-02-02 01:03:35.989] [INFO] /node_modules/pomelo/lib/modules/afterStart.js - server "chat-server-2" started.
[2013-02-02 01:03:55.765] [INFO] /node_modules/pomelo/lib/application.js - application inited: "chat-server-2"
[2013-02-02 01:03:56.164] [INFO] console - info: 'socket.io started'
[2013-02-02 01:03:56.166] [WARN] console - path is empty, path:/Users/xiaohei107/Documents/资料/Github资料/TanksWar-Server/game-server/app/servers/chat/handler
[2013-02-02 01:03:56.176] [INFO] /node_modules/pomelo/node_modules/pomelo-admin/lib/consoleService.js - try to connect master: "chat", "127.0.0.1", 3005
[2013-02-02 01:03:56.243] [DEBUG] /node_modules/pomelo/lib/modules/afterStart.js - after start: "chat-server-2"
[2013-02-02 01:03:56.243] [INFO] /node_modules/pomelo/lib/modules/afterStart.js - server "chat-server-2" started.
[2013-02-02 01:06:06.578] [INFO] /node_modules/pomelo/lib/application.js - application inited: "chat-server-2"
[2013-02-02 01:06:06.958] [INFO] console - info: 'socket.io started'
[2013-02-02 01:06:06.989] [INFO] /node_modules/pomelo/node_modules/pomelo-admin/lib/consoleService.js - try to connect master: "area", "127.0.0.1", 3005
[2013-02-02 01:06:07.056] [DEBUG] /node_modules/pomelo/lib/modules/afterStart.js - after start: "chat-server-2"
[2013-02-02 01:06:07.057] [INFO] /node_modules/pomelo/lib/modules/afterStart.js - server "chat-server-2" started.
[2013-02-02 01:09:15.665] [INFO] /node_modules/pomelo/lib/application.js - application inited: "chat-server-2"
[2013-02-02 01:09:16.044] [INFO] console - info: 'socket.io started'
[2013-02-02 01:09:16.071] [INFO] /node_modules/pomelo/node_modules/pomelo-admin/lib/consoleService.js - try to connect master: "area", "127.0.0.1", 3005
[2013-02-02 01:09:16.157] [DEBUG] /node_modules/pomelo/lib/modules/afterStart.js - after start: "chat-server-2"
[2013-02-02 01:09:16.158] [INFO] /node_modules/pomelo/lib/modules/afterStart.js - server "chat-server-2" started.
[2013-02-02 01:10:05.357] [INFO] /node_modules/pomelo/lib/application.js - application inited: "chat-server-2"
[2013-02-02 01:10:05.747] [INFO] console - info: 'socket.io started'
[2013-02-02 01:10:05.776] [INFO] /node_modules/pomelo/node_modules/pomelo-admin/lib/consoleService.js - try to connect master: "area", "127.0.0.1", 3005
[2013-02-02 01:10:05.819] [DEBUG] /node_modules/pomelo/lib/modules/afterStart.js - after start: "chat-server-2"
[2013-02-02 01:10:05.820] [INFO] /node_modules/pomelo/lib/modules/afterStart.js - server "chat-server-2" started.
[2013-02-02 01:13:33.174] [INFO] /node_modules/pomelo/lib/application.js - application inited: "chat-server-2"
[2013-02-02 01:13:33.564] [INFO] console - info: 'socket.io started'
[2013-02-02 01:13:33.597] [INFO] /node_modules/pomelo/node_modules/pomelo-admin/lib/consoleService.js - try to connect master: "area", "127.0.0.1", 3005
[2013-02-02 01:13:33.649] [DEBUG] /node_modules/pomelo/lib/modules/afterStart.js - after start: "chat-server-2"
[2013-02-02 01:13:33.649] [INFO] /node_modules/pomelo/lib/modules/afterStart.js - server "chat-server-2" started.
[2013-02-02 01:26:15.606] [INFO] /node_modules/pomelo/lib/application.js - application inited: "chat-server-2"
[2013-02-02 01:26:15.994] [INFO] console - info: 'socket.io started'
[2013-02-02 01:26:16.027] [INFO] /node_modules/pomelo/node_modules/pomelo-admin/lib/consoleService.js - try to connect master: "area", "127.0.0.1", 3005
[2013-02-02 01:26:16.102] [DEBUG] /node_modules/pomelo/lib/modules/afterStart.js - after start: "chat-server-2"
[2013-02-02 01:26:16.103] [INFO] /node_modules/pomelo/lib/modules/afterStart.js - server "chat-server-2" started.
[2013-02-02 04:00:19.296] [INFO] /node_modules/pomelo/lib/application.js - application inited: "chat-server-2"
[2013-02-02 04:00:19.754] [INFO] console - info: 'socket.io started'
[2013-02-02 04:00:19.867] [INFO] /node_modules/pomelo/node_modules/pomelo-admin/lib/consoleService.js - try to connect master: "area", "127.0.0.1", 3005
[2013-02-02 04:00:19.938] [DEBUG] /node_modules/pomelo/lib/modules/afterStart.js - after start: "chat-server-2"
[2013-02-02 04:00:19.939] [INFO] /node_modules/pomelo/lib/modules/afterStart.js - server "chat-server-2" started.
[2013-02-02 04:06:09.816] [INFO] /node_modules/pomelo/lib/application.js - application inited: "chat-server-2"
[2013-02-02 04:06:10.216] [INFO] console - info: 'socket.io started'
[2013-02-02 04:06:10.243] [INFO] /node_modules/pomelo/node_modules/pomelo-admin/lib/consoleService.js - try to connect master: "area", "127.0.0.1", 3005
[2013-02-02 04:06:10.300] [DEBUG] /node_modules/pomelo/lib/modules/afterStart.js - after start: "chat-server-2"
[2013-02-02 04:06:10.300] [INFO] /node_modules/pomelo/lib/modules/afterStart.js - server "chat-server-2" started.
[2013-02-02 05:41:18.990] [INFO] /node_modules/pomelo/lib/application.js - application inited: "chat-server-2"
[2013-02-02 05:41:19.472] [INFO] console - info: 'socket.io started'
[2013-02-02 05:41:19.579] [INFO] /node_modules/pomelo/node_modules/pomelo-admin/lib/consoleService.js - try to connect master: "area", "127.0.0.1", 3005
[2013-02-02 05:41:19.650] [DEBUG] /node_modules/pomelo/lib/modules/afterStart.js - after start: "chat-server-2"
[2013-02-02 05:41:19.651] [INFO] /node_modules/pomelo/lib/modules/afterStart.js - server "chat-server-2" started.
[2013-02-02 05:43:25.402] [INFO] /node_modules/pomelo/lib/application.js - application inited: "chat-server-2"
[2013-02-02 05:43:25.796] [INFO] console - info: 'socket.io started'
[2013-02-02 05:43:25.828] [INFO] /node_modules/pomelo/node_modules/pomelo-admin/lib/consoleService.js - try to connect master: "area", "127.0.0.1", 3005
[2013-02-02 05:43:25.898] [DEBUG] /node_modules/pomelo/lib/modules/afterStart.js - after start: "chat-server-2"
[2013-02-02 05:43:25.899] [INFO] /node_modules/pomelo/lib/modules/afterStart.js - server "chat-server-2" started.
[2013-02-02 05:48:34.487] [INFO] /node_modules/pomelo/lib/application.js - application inited: "chat-server-2"
[2013-02-02 05:48:34.891] [INFO] console - info: 'socket.io started'
[2013-02-02 05:48:34.923] [INFO] /node_modules/pomelo/node_modules/pomelo-admin/lib/consoleService.js - try to connect master: "area", "127.0.0.1", 3005
[2013-02-02 05:48:35.005] [DEBUG] /node_modules/pomelo/lib/modules/afterStart.js - after start: "chat-server-2"
[2013-02-02 05:48:35.005] [INFO] /node_modules/pomelo/lib/modules/afterStart.js - server "chat-server-2" started.
[2013-02-02 05:49:45.564] [INFO] /node_modules/pomelo/lib/application.js - application inited: "chat-server-2"
[2013-02-02 05:49:45.987] [INFO] console - info: 'socket.io started'
[2013-02-02 05:49:46.012] [INFO] /node_modules/pomelo/node_modules/pomelo-admin/lib/consoleService.js - try to connect master: "area", "127.0.0.1", 3005
[2013-02-02 05:49:46.078] [DEBUG] /node_modules/pomelo/lib/modules/afterStart.js - after start: "chat-server-2"
[2013-02-02 05:49:46.079] [INFO] /node_modules/pomelo/lib/modules/afterStart.js - server "chat-server-2" started.
[2013-02-02 05:57:14.448] [INFO] /node_modules/pomelo/lib/application.js - application inited: "chat-server-2"
[2013-02-02 05:57:14.837] [INFO] console - info: 'socket.io started'
[2013-02-02 05:57:14.867] [INFO] /node_modules/pomelo/node_modules/pomelo-admin/lib/consoleService.js - try to connect master: "area", "127.0.0.1", 3005
[2013-02-02 05:57:14.918] [DEBUG] /node_modules/pomelo/lib/modules/afterStart.js - after start: "chat-server-2"
[2013-02-02 05:57:14.919] [INFO] /node_modules/pomelo/lib/modules/afterStart.js - server "chat-server-2" started.
[2013-02-02 05:59:25.265] [INFO] /node_modules/pomelo/lib/application.js - application inited: "chat-server-2"
[2013-02-02 05:59:25.701] [INFO] console - info: 'socket.io started'
[2013-02-02 05:59:25.733] [INFO] /node_modules/pomelo/node_modules/pomelo-admin/lib/consoleService.js - try to connect master: "area", "127.0.0.1", 3005
[2013-02-02 05:59:25.815] [DEBUG] /node_modules/pomelo/lib/modules/afterStart.js - after start: "chat-server-2"
[2013-02-02 05:59:25.815] [INFO] /node_modules/pomelo/lib/modules/afterStart.js - server "chat-server-2" started.
[2013-02-02 06:01:12.067] [INFO] /node_modules/pomelo/lib/application.js - application inited: "chat-server-2"
[2013-02-02 06:01:12.445] [INFO] console - info: 'socket.io started'
[2013-02-02 06:01:12.474] [INFO] /node_modules/pomelo/node_modules/pomelo-admin/lib/consoleService.js - try to connect master: "area", "127.0.0.1", 3005
[2013-02-02 06:01:12.560] [DEBUG] /node_modules/pomelo/lib/modules/afterStart.js - after start: "chat-server-2"
[2013-02-02 06:01:12.561] [INFO] /node_modules/pomelo/lib/modules/afterStart.js - server "chat-server-2" started.
[2013-02-02 06:04:47.353] [INFO] /node_modules/pomelo/lib/application.js - application inited: "chat-server-2"
[2013-02-02 06:04:47.785] [INFO] console - info: 'socket.io started'
[2013-02-02 06:04:47.817] [INFO] /node_modules/pomelo/node_modules/pomelo-admin/lib/consoleService.js - try to connect master: "area", "127.0.0.1", 3005
[2013-02-02 06:04:47.886] [DEBUG] /node_modules/pomelo/lib/modules/afterStart.js - after start: "chat-server-2"
[2013-02-02 06:04:47.887] [INFO] /node_modules/pomelo/lib/modules/afterStart.js - server "chat-server-2" started.
[2013-02-02 06:05:42.388] [INFO] /node_modules/pomelo/lib/application.js - application inited: "chat-server-2"
[2013-02-02 06:05:42.800] [INFO] console - info: 'socket.io started'
[2013-02-02 06:05:42.846] [INFO] /node_modules/pomelo/node_modules/pomelo-admin/lib/consoleService.js - try to connect master: "area", "127.0.0.1", 3005
[2013-02-02 06:05:42.944] [DEBUG] /node_modules/pomelo/lib/modules/afterStart.js - after start: "chat-server-2"
[2013-02-02 06:05:42.945] [INFO] /node_modules/pomelo/lib/modules/afterStart.js - server "chat-server-2" started.
[2013-02-02 06:08:06.305] [INFO] /node_modules/pomelo/lib/application.js - application inited: "chat-server-2"
[2013-02-02 06:08:06.749] [INFO] console - info: 'socket.io started'
[2013-02-02 06:08:06.781] [INFO] /node_modules/pomelo/node_modules/pomelo-admin/lib/consoleService.js - try to connect master: "area", "127.0.0.1", 3005
[2013-02-02 06:08:06.876] [DEBUG] /node_modules/pomelo/lib/modules/afterStart.js - after start: "chat-server-2"
[2013-02-02 06:08:06.877] [INFO] /node_modules/pomelo/lib/modules/afterStart.js - server "chat-server-2" started.
[2013-02-04 13:01:19.456] [INFO] /node_modules/pomelo/lib/application.js - application inited: "chat-server-2"
[2013-02-04 13:01:19.460] [INFO] console - &&&&&&&&&&actResourceIncrease&&&&&&&&&&
[2013-02-04 13:01:20.013] [INFO] console - info: 'socket.io started'
[2013-02-04 13:01:20.099] [INFO] /node_modules/pomelo/node_modules/pomelo-admin/lib/consoleService.js - try to connect master: "area", "127.0.0.1", 3005
[2013-02-04 13:01:20.176] [DEBUG] /node_modules/pomelo/lib/modules/afterStart.js - after start: "chat-server-2"
[2013-02-04 13:01:20.176] [INFO] /node_modules/pomelo/lib/modules/afterStart.js - server "chat-server-2" started.
[2013-02-04 13:03:15.959] [INFO] /node_modules/pomelo/lib/application.js - application inited: "chat-server-2"
[2013-02-04 13:03:15.961] [INFO] console - &&&&&&&&&&actResourceIncrease&&&&&&&&&&
[2013-02-04 13:03:16.352] [INFO] console - info: 'socket.io started'
[2013-02-04 13:03:16.386] [INFO] /node_modules/pomelo/node_modules/pomelo-admin/lib/consoleService.js - try to connect master: "area", "127.0.0.1", 3005
[2013-02-04 13:03:16.456] [DEBUG] /node_modules/pomelo/lib/modules/afterStart.js - after start: "chat-server-2"
[2013-02-04 13:03:16.457] [INFO] /node_modules/pomelo/lib/modules/afterStart.js - server "chat-server-2" started.
[2013-02-04 13:07:31.982] [INFO] /node_modules/pomelo/lib/application.js - application inited: "chat-server-2"
[2013-02-04 13:07:32.375] [INFO] console - info: 'socket.io started'
[2013-02-04 13:07:32.408] [INFO] /node_modules/pomelo/node_modules/pomelo-admin/lib/consoleService.js - try to connect master: "area", "127.0.0.1", 3005
[2013-02-04 13:07:32.456] [DEBUG] /node_modules/pomelo/lib/modules/afterStart.js - after start: "chat-server-2"
[2013-02-04 13:07:32.456] [INFO] /node_modules/pomelo/lib/modules/afterStart.js - server "chat-server-2" started.
