[2013-01-06 20:11:02.739] [INFO] /node_modules/pomelo/lib/application.js - application inited: "gate-server-1"
[2013-01-06 20:11:03.137] [INFO] /node_modules/pomelo/node_modules/pomelo-admin/lib/consoleService.js - try to connect master: "gate", "127.0.0.1", 3005
[2013-01-06 20:11:03.169] [DEBUG] /node_modules/pomelo/lib/modules/afterStart.js - after start: "gate-server-1"
[2013-01-06 20:11:03.172] [INFO] console - info: 'socket.io started'
[2013-01-06 20:11:03.173] [INFO] /node_modules/pomelo/lib/modules/afterStart.js - server "gate-server-1" started.
[2013-01-06 20:11:14.371] [ERROR] /node_modules/pomelo/lib/common/service/handlerService.js - [handleManager]: fail to find handler for "gate.gateHandler.queryEntry"
[2013-01-06 20:11:14.374] [DEBUG] /node_modules/pomelo/lib/server/server.js - no default error handler to resolve unknown exception. Error: fail to find handler for gate.gateHandler.queryEntry
    at Service.handle (/Users/xiaohei107/Documents/workspace/testCocos2d/game-server/node_modules/pomelo/lib/common/service/handlerService.js:29:8)
    at handle (/Users/xiaohei107/Documents/workspace/testCocos2d/game-server/node_modules/pomelo/lib/server/server.js:221:25)
    at Service.beforeFilter.next (/Users/xiaohei107/Documents/workspace/testCocos2d/game-server/node_modules/pomelo/lib/common/service/filterService.js:51:7)
    at Service.beforeFilter (/Users/xiaohei107/Documents/workspace/testCocos2d/game-server/node_modules/pomelo/lib/common/service/filterService.js:71:3)
    at beforeFilter (/Users/xiaohei107/Documents/workspace/testCocos2d/game-server/node_modules/pomelo/lib/server/server.js:116:8)
    at doHandle (/Users/xiaohei107/Documents/workspace/testCocos2d/game-server/node_modules/pomelo/lib/server/server.js:234:3)
    at pro.handle (/Users/xiaohei107/Documents/workspace/testCocos2d/game-server/node_modules/pomelo/lib/server/server.js:71:5)
    at Component.handle (/Users/xiaohei107/Documents/workspace/testCocos2d/game-server/node_modules/pomelo/lib/components/server.js:54:15)
    at handleMessage (/Users/xiaohei107/Documents/workspace/testCocos2d/game-server/node_modules/pomelo/lib/components/connector.js:142:20)
    at bindEvents (/Users/xiaohei107/Documents/workspace/testCocos2d/game-server/node_modules/pomelo/lib/components/connector.js:92:5)
[2013-01-06 20:12:51.020] [ERROR] /node_modules/pomelo/lib/common/service/handlerService.js - [handleManager]: fail to find handler for "gate.gateHandler.queryEntry"
[2013-01-06 20:12:51.021] [DEBUG] /node_modules/pomelo/lib/server/server.js - no default error handler to resolve unknown exception. Error: fail to find handler for gate.gateHandler.queryEntry
    at Service.handle (/Users/xiaohei107/Documents/workspace/testCocos2d/game-server/node_modules/pomelo/lib/common/service/handlerService.js:29:8)
    at handle (/Users/xiaohei107/Documents/workspace/testCocos2d/game-server/node_modules/pomelo/lib/server/server.js:221:25)
    at Service.beforeFilter.next (/Users/xiaohei107/Documents/workspace/testCocos2d/game-server/node_modules/pomelo/lib/common/service/filterService.js:51:7)
    at Service.beforeFilter (/Users/xiaohei107/Documents/workspace/testCocos2d/game-server/node_modules/pomelo/lib/common/service/filterService.js:71:3)
    at beforeFilter (/Users/xiaohei107/Documents/workspace/testCocos2d/game-server/node_modules/pomelo/lib/server/server.js:116:8)
    at doHandle (/Users/xiaohei107/Documents/workspace/testCocos2d/game-server/node_modules/pomelo/lib/server/server.js:234:3)
    at pro.handle (/Users/xiaohei107/Documents/workspace/testCocos2d/game-server/node_modules/pomelo/lib/server/server.js:71:5)
    at Component.handle (/Users/xiaohei107/Documents/workspace/testCocos2d/game-server/node_modules/pomelo/lib/components/server.js:54:15)
    at handleMessage (/Users/xiaohei107/Documents/workspace/testCocos2d/game-server/node_modules/pomelo/lib/components/connector.js:142:20)
    at bindEvents (/Users/xiaohei107/Documents/workspace/testCocos2d/game-server/node_modules/pomelo/lib/components/connector.js:92:5)
[2013-01-06 20:15:01.451] [ERROR] /node_modules/pomelo/lib/common/service/handlerService.js - [handleManager]: fail to find handler for "gate.gateHandler.queryEntry"
[2013-01-06 20:15:01.451] [DEBUG] /node_modules/pomelo/lib/server/server.js - no default error handler to resolve unknown exception. Error: fail to find handler for gate.gateHandler.queryEntry
    at Service.handle (/Users/xiaohei107/Documents/workspace/testCocos2d/game-server/node_modules/pomelo/lib/common/service/handlerService.js:29:8)
    at handle (/Users/xiaohei107/Documents/workspace/testCocos2d/game-server/node_modules/pomelo/lib/server/server.js:221:25)
    at Service.beforeFilter.next (/Users/xiaohei107/Documents/workspace/testCocos2d/game-server/node_modules/pomelo/lib/common/service/filterService.js:51:7)
    at Service.beforeFilter (/Users/xiaohei107/Documents/workspace/testCocos2d/game-server/node_modules/pomelo/lib/common/service/filterService.js:71:3)
    at beforeFilter (/Users/xiaohei107/Documents/workspace/testCocos2d/game-server/node_modules/pomelo/lib/server/server.js:116:8)
    at doHandle (/Users/xiaohei107/Documents/workspace/testCocos2d/game-server/node_modules/pomelo/lib/server/server.js:234:3)
    at pro.handle (/Users/xiaohei107/Documents/workspace/testCocos2d/game-server/node_modules/pomelo/lib/server/server.js:71:5)
    at Component.handle (/Users/xiaohei107/Documents/workspace/testCocos2d/game-server/node_modules/pomelo/lib/components/server.js:54:15)
    at handleMessage (/Users/xiaohei107/Documents/workspace/testCocos2d/game-server/node_modules/pomelo/lib/components/connector.js:142:20)
    at bindEvents (/Users/xiaohei107/Documents/workspace/testCocos2d/game-server/node_modules/pomelo/lib/components/connector.js:92:5)
[2013-01-06 20:16:49.366] [ERROR] /node_modules/pomelo/lib/common/service/handlerService.js - [handleManager]: fail to find handler for "gate.gateHandler.queryEntry"
[2013-01-06 20:16:49.367] [DEBUG] /node_modules/pomelo/lib/server/server.js - no default error handler to resolve unknown exception. Error: fail to find handler for gate.gateHandler.queryEntry
    at Service.handle (/Users/xiaohei107/Documents/workspace/testCocos2d/game-server/node_modules/pomelo/lib/common/service/handlerService.js:29:8)
    at handle (/Users/xiaohei107/Documents/workspace/testCocos2d/game-server/node_modules/pomelo/lib/server/server.js:221:25)
    at Service.beforeFilter.next (/Users/xiaohei107/Documents/workspace/testCocos2d/game-server/node_modules/pomelo/lib/common/service/filterService.js:51:7)
    at Service.beforeFilter (/Users/xiaohei107/Documents/workspace/testCocos2d/game-server/node_modules/pomelo/lib/common/service/filterService.js:71:3)
    at beforeFilter (/Users/xiaohei107/Documents/workspace/testCocos2d/game-server/node_modules/pomelo/lib/server/server.js:116:8)
    at doHandle (/Users/xiaohei107/Documents/workspace/testCocos2d/game-server/node_modules/pomelo/lib/server/server.js:234:3)
    at pro.handle (/Users/xiaohei107/Documents/workspace/testCocos2d/game-server/node_modules/pomelo/lib/server/server.js:71:5)
    at Component.handle (/Users/xiaohei107/Documents/workspace/testCocos2d/game-server/node_modules/pomelo/lib/components/server.js:54:15)
    at handleMessage (/Users/xiaohei107/Documents/workspace/testCocos2d/game-server/node_modules/pomelo/lib/components/connector.js:142:20)
    at bindEvents (/Users/xiaohei107/Documents/workspace/testCocos2d/game-server/node_modules/pomelo/lib/components/connector.js:92:5)
[2013-01-06 20:28:10.201] [INFO] /node_modules/pomelo/lib/application.js - application inited: "gate-server-1"
[2013-01-06 20:28:10.561] [INFO] /node_modules/pomelo/node_modules/pomelo-admin/lib/consoleService.js - try to connect master: "gate", "127.0.0.1", 3005
[2013-01-06 20:28:10.604] [DEBUG] /node_modules/pomelo/lib/modules/afterStart.js - after start: "gate-server-1"
[2013-01-06 20:28:10.607] [INFO] console - info: 'socket.io started'
[2013-01-06 20:28:10.608] [INFO] /node_modules/pomelo/lib/modules/afterStart.js - server "gate-server-1" started.
[2013-01-06 20:28:18.252] [ERROR] /node_modules/pomelo/lib/common/service/handlerService.js - [handleManager]: fail to find handler for "gate.gateHandler.queryEntry"
[2013-01-06 20:28:18.254] [DEBUG] /node_modules/pomelo/lib/server/server.js - no default error handler to resolve unknown exception. Error: fail to find handler for gate.gateHandler.queryEntry
    at Service.handle (/Users/xiaohei107/Documents/workspace/testCocos2d/game-server/node_modules/pomelo/lib/common/service/handlerService.js:29:8)
    at handle (/Users/xiaohei107/Documents/workspace/testCocos2d/game-server/node_modules/pomelo/lib/server/server.js:221:25)
    at Service.beforeFilter.next (/Users/xiaohei107/Documents/workspace/testCocos2d/game-server/node_modules/pomelo/lib/common/service/filterService.js:51:7)
    at Filter.before (/Users/xiaohei107/Documents/workspace/testCocos2d/game-server/node_modules/pomelo/lib/filters/handler/timeout.js:25:3)
    at Service.beforeFilter.next (/Users/xiaohei107/Documents/workspace/testCocos2d/game-server/node_modules/pomelo/lib/common/service/filterService.js:64:15)
    at Service.beforeFilter (/Users/xiaohei107/Documents/workspace/testCocos2d/game-server/node_modules/pomelo/lib/common/service/filterService.js:71:3)
    at beforeFilter (/Users/xiaohei107/Documents/workspace/testCocos2d/game-server/node_modules/pomelo/lib/server/server.js:116:8)
    at doHandle (/Users/xiaohei107/Documents/workspace/testCocos2d/game-server/node_modules/pomelo/lib/server/server.js:234:3)
    at pro.handle (/Users/xiaohei107/Documents/workspace/testCocos2d/game-server/node_modules/pomelo/lib/server/server.js:71:5)
    at Component.handle (/Users/xiaohei107/Documents/workspace/testCocos2d/game-server/node_modules/pomelo/lib/components/server.js:54:15)
[2013-01-06 20:31:43.628] [INFO] /node_modules/pomelo/lib/application.js - application inited: "gate-server-1"
[2013-01-06 20:31:43.953] [INFO] /node_modules/pomelo/node_modules/pomelo-admin/lib/consoleService.js - try to connect master: "gate", "127.0.0.1", 3005
[2013-01-06 20:31:44.040] [DEBUG] /node_modules/pomelo/lib/modules/afterStart.js - after start: "gate-server-1"
[2013-01-06 20:31:44.044] [INFO] console - info: 'socket.io started'
[2013-01-06 20:31:44.044] [INFO] /node_modules/pomelo/lib/modules/afterStart.js - server "gate-server-1" started.
[2013-01-06 20:31:54.775] [ERROR] /node_modules/pomelo/lib/common/service/handlerService.js - [handleManager]: fail to find handler for "gate.gateHandler.queryEntry"
[2013-01-06 20:31:54.777] [DEBUG] /node_modules/pomelo/lib/server/server.js - no default error handler to resolve unknown exception. Error: fail to find handler for gate.gateHandler.queryEntry
    at Service.handle (/Users/xiaohei107/Documents/workspace/testCocos2d/game-server/node_modules/pomelo/lib/common/service/handlerService.js:29:8)
    at handle (/Users/xiaohei107/Documents/workspace/testCocos2d/game-server/node_modules/pomelo/lib/server/server.js:221:25)
    at Service.beforeFilter.next (/Users/xiaohei107/Documents/workspace/testCocos2d/game-server/node_modules/pomelo/lib/common/service/filterService.js:51:7)
    at Filter.before (/Users/xiaohei107/Documents/workspace/testCocos2d/game-server/node_modules/pomelo/lib/filters/handler/timeout.js:25:3)
    at Service.beforeFilter.next (/Users/xiaohei107/Documents/workspace/testCocos2d/game-server/node_modules/pomelo/lib/common/service/filterService.js:64:15)
    at Service.beforeFilter (/Users/xiaohei107/Documents/workspace/testCocos2d/game-server/node_modules/pomelo/lib/common/service/filterService.js:71:3)
    at beforeFilter (/Users/xiaohei107/Documents/workspace/testCocos2d/game-server/node_modules/pomelo/lib/server/server.js:116:8)
    at doHandle (/Users/xiaohei107/Documents/workspace/testCocos2d/game-server/node_modules/pomelo/lib/server/server.js:234:3)
    at pro.handle (/Users/xiaohei107/Documents/workspace/testCocos2d/game-server/node_modules/pomelo/lib/server/server.js:71:5)
    at Component.handle (/Users/xiaohei107/Documents/workspace/testCocos2d/game-server/node_modules/pomelo/lib/components/server.js:54:15)
[2013-01-06 20:38:11.856] [INFO] /node_modules/pomelo/lib/application.js - application inited: "gate-server-1"
[2013-01-06 20:38:12.128] [INFO] /node_modules/pomelo/node_modules/pomelo-admin/lib/consoleService.js - try to connect master: "gate", "127.0.0.1", 3005
[2013-01-06 20:38:12.215] [DEBUG] /node_modules/pomelo/lib/modules/afterStart.js - after start: "gate-server-1"
[2013-01-06 20:38:12.217] [INFO] console - info: 'socket.io started'
[2013-01-06 20:38:12.218] [INFO] /node_modules/pomelo/lib/modules/afterStart.js - server "gate-server-1" started.
[2013-01-06 20:38:18.303] [ERROR] /node_modules/pomelo/lib/common/service/handlerService.js - [handleManager]: fail to find handler for "gate.gateHandler.queryEntry"
[2013-01-06 20:38:18.305] [DEBUG] /node_modules/pomelo/lib/server/server.js - no default error handler to resolve unknown exception. Error: fail to find handler for gate.gateHandler.queryEntry
    at Service.handle (/Users/xiaohei107/Documents/workspace/testCocos2d/game-server/node_modules/pomelo/lib/common/service/handlerService.js:29:8)
    at handle (/Users/xiaohei107/Documents/workspace/testCocos2d/game-server/node_modules/pomelo/lib/server/server.js:221:25)
    at Service.beforeFilter.next (/Users/xiaohei107/Documents/workspace/testCocos2d/game-server/node_modules/pomelo/lib/common/service/filterService.js:51:7)
    at Filter.before (/Users/xiaohei107/Documents/workspace/testCocos2d/game-server/node_modules/pomelo/lib/filters/handler/timeout.js:25:3)
    at Service.beforeFilter.next (/Users/xiaohei107/Documents/workspace/testCocos2d/game-server/node_modules/pomelo/lib/common/service/filterService.js:64:15)
    at Service.beforeFilter (/Users/xiaohei107/Documents/workspace/testCocos2d/game-server/node_modules/pomelo/lib/common/service/filterService.js:71:3)
    at beforeFilter (/Users/xiaohei107/Documents/workspace/testCocos2d/game-server/node_modules/pomelo/lib/server/server.js:116:8)
    at doHandle (/Users/xiaohei107/Documents/workspace/testCocos2d/game-server/node_modules/pomelo/lib/server/server.js:234:3)
    at pro.handle (/Users/xiaohei107/Documents/workspace/testCocos2d/game-server/node_modules/pomelo/lib/server/server.js:71:5)
    at Component.handle (/Users/xiaohei107/Documents/workspace/testCocos2d/game-server/node_modules/pomelo/lib/components/server.js:54:15)
[2013-01-06 20:40:29.657] [INFO] /node_modules/pomelo/lib/application.js - application inited: "gate-server-1"
[2013-01-06 20:40:29.977] [WARN] console - path is empty, path:/Users/xiaohei107/Documents/workspace/testCocos2d/game-server/app/servers/gate/handler
[2013-01-06 20:40:29.986] [INFO] /node_modules/pomelo/node_modules/pomelo-admin/lib/consoleService.js - try to connect master: "gate", "127.0.0.1", 3005
[2013-01-06 20:40:30.043] [DEBUG] /node_modules/pomelo/lib/modules/afterStart.js - after start: "gate-server-1"
[2013-01-06 20:40:30.047] [INFO] console - info: 'socket.io started'
[2013-01-06 20:40:30.048] [INFO] /node_modules/pomelo/lib/modules/afterStart.js - server "gate-server-1" started.
[2013-01-06 20:40:36.368] [ERROR] /node_modules/pomelo/lib/common/service/handlerService.js - [handleManager]: fail to find handler for "gate.gateHandler.queryEntry"
[2013-01-06 20:40:36.371] [DEBUG] /node_modules/pomelo/lib/server/server.js - no default error handler to resolve unknown exception. Error: fail to find handler for gate.gateHandler.queryEntry
    at Service.handle (/Users/xiaohei107/Documents/workspace/testCocos2d/game-server/node_modules/pomelo/lib/common/service/handlerService.js:29:8)
    at handle (/Users/xiaohei107/Documents/workspace/testCocos2d/game-server/node_modules/pomelo/lib/server/server.js:221:25)
    at Service.beforeFilter.next (/Users/xiaohei107/Documents/workspace/testCocos2d/game-server/node_modules/pomelo/lib/common/service/filterService.js:51:7)
    at Filter.before (/Users/xiaohei107/Documents/workspace/testCocos2d/game-server/node_modules/pomelo/lib/filters/handler/timeout.js:25:3)
    at Service.beforeFilter.next (/Users/xiaohei107/Documents/workspace/testCocos2d/game-server/node_modules/pomelo/lib/common/service/filterService.js:64:15)
    at Service.beforeFilter (/Users/xiaohei107/Documents/workspace/testCocos2d/game-server/node_modules/pomelo/lib/common/service/filterService.js:71:3)
    at beforeFilter (/Users/xiaohei107/Documents/workspace/testCocos2d/game-server/node_modules/pomelo/lib/server/server.js:116:8)
    at doHandle (/Users/xiaohei107/Documents/workspace/testCocos2d/game-server/node_modules/pomelo/lib/server/server.js:234:3)
    at pro.handle (/Users/xiaohei107/Documents/workspace/testCocos2d/game-server/node_modules/pomelo/lib/server/server.js:71:5)
    at Component.handle (/Users/xiaohei107/Documents/workspace/testCocos2d/game-server/node_modules/pomelo/lib/components/server.js:54:15)
[2013-01-06 20:41:47.722] [INFO] /node_modules/pomelo/lib/application.js - application inited: "gate-server-1"
[2013-01-06 20:41:48.050] [INFO] /node_modules/pomelo/node_modules/pomelo-admin/lib/consoleService.js - try to connect master: "gate", "127.0.0.1", 3005
[2013-01-06 20:41:48.133] [DEBUG] /node_modules/pomelo/lib/modules/afterStart.js - after start: "gate-server-1"
[2013-01-06 20:41:48.135] [INFO] console - info: 'socket.io started'
[2013-01-06 20:41:48.136] [INFO] /node_modules/pomelo/lib/modules/afterStart.js - server "gate-server-1" started.
[2013-01-06 20:44:42.733] [INFO] /node_modules/pomelo/lib/application.js - application inited: "gate-server-1"
[2013-01-06 20:44:43.035] [INFO] /node_modules/pomelo/node_modules/pomelo-admin/lib/consoleService.js - try to connect master: "gate", "127.0.0.1", 3005
[2013-01-06 20:44:43.120] [DEBUG] /node_modules/pomelo/lib/modules/afterStart.js - after start: "gate-server-1"
[2013-01-06 20:44:43.125] [INFO] console - info: 'socket.io started'
[2013-01-06 20:44:43.125] [INFO] /node_modules/pomelo/lib/modules/afterStart.js - server "gate-server-1" started.
[2013-01-06 20:47:59.620] [INFO] /node_modules/pomelo/lib/application.js - application inited: "gate-server-1"
[2013-01-06 20:47:59.934] [INFO] /node_modules/pomelo/node_modules/pomelo-admin/lib/consoleService.js - try to connect master: "gate", "127.0.0.1", 3005
[2013-01-06 20:48:00.014] [DEBUG] /node_modules/pomelo/lib/modules/afterStart.js - after start: "gate-server-1"
[2013-01-06 20:48:00.017] [INFO] console - info: 'socket.io started'
[2013-01-06 20:48:00.017] [INFO] /node_modules/pomelo/lib/modules/afterStart.js - server "gate-server-1" started.
[2013-01-06 20:56:18.076] [INFO] /node_modules/pomelo/lib/application.js - application inited: "gate-server-1"
[2013-01-06 20:56:18.368] [INFO] /node_modules/pomelo/node_modules/pomelo-admin/lib/consoleService.js - try to connect master: "gate", "127.0.0.1", 3005
[2013-01-06 20:56:18.481] [DEBUG] /node_modules/pomelo/lib/modules/afterStart.js - after start: "gate-server-1"
[2013-01-06 20:56:18.485] [INFO] console - info: 'socket.io started'
[2013-01-06 20:56:18.486] [INFO] /node_modules/pomelo/lib/modules/afterStart.js - server "gate-server-1" started.
[2013-01-06 20:58:32.204] [INFO] /node_modules/pomelo/lib/application.js - application inited: "gate-server-1"
[2013-01-06 20:58:32.515] [INFO] /node_modules/pomelo/node_modules/pomelo-admin/lib/consoleService.js - try to connect master: "gate", "127.0.0.1", 3005
[2013-01-06 20:58:32.608] [DEBUG] /node_modules/pomelo/lib/modules/afterStart.js - after start: "gate-server-1"
[2013-01-06 20:58:32.612] [INFO] console - info: 'socket.io started'
[2013-01-06 20:58:32.613] [INFO] /node_modules/pomelo/lib/modules/afterStart.js - server "gate-server-1" started.
[2013-01-06 21:02:26.066] [INFO] /node_modules/pomelo/lib/application.js - application inited: "gate-server-1"
[2013-01-06 21:02:26.533] [INFO] /node_modules/pomelo/node_modules/pomelo-admin/lib/consoleService.js - try to connect master: "gate", "127.0.0.1", 3005
[2013-01-06 21:02:26.597] [DEBUG] /node_modules/pomelo/lib/modules/afterStart.js - after start: "gate-server-1"
[2013-01-06 21:02:26.601] [INFO] console - info: 'socket.io started'
[2013-01-06 21:02:26.602] [INFO] /node_modules/pomelo/lib/modules/afterStart.js - server "gate-server-1" started.
[2013-01-06 21:25:20.232] [INFO] /node_modules/pomelo/lib/application.js - application inited: "gate-server-1"
[2013-01-06 21:25:20.613] [INFO] /node_modules/pomelo/node_modules/pomelo-admin/lib/consoleService.js - try to connect master: "gate", "127.0.0.1", 3005
[2013-01-06 21:25:20.677] [DEBUG] /node_modules/pomelo/lib/modules/afterStart.js - after start: "gate-server-1"
[2013-01-06 21:25:20.681] [INFO] console - info: 'socket.io started'
[2013-01-06 21:25:20.681] [INFO] /node_modules/pomelo/lib/modules/afterStart.js - server "gate-server-1" started.
[2013-01-07 20:04:42.499] [INFO] /node_modules/pomelo/lib/application.js - application inited: "gate-server-1"
[2013-01-07 20:04:43.306] [INFO] /node_modules/pomelo/node_modules/pomelo-admin/lib/consoleService.js - try to connect master: "gate", "127.0.0.1", 3005
[2013-01-07 20:04:43.396] [DEBUG] /node_modules/pomelo/lib/modules/afterStart.js - after start: "gate-server-1"
[2013-01-07 20:04:43.399] [INFO] console - info: 'socket.io started'
[2013-01-07 20:04:43.400] [INFO] /node_modules/pomelo/lib/modules/afterStart.js - server "gate-server-1" started.
[2013-01-07 20:57:17.736] [INFO] /node_modules/pomelo/lib/application.js - application inited: "gate-server-1"
[2013-01-07 20:57:18.173] [INFO] /node_modules/pomelo/node_modules/pomelo-admin/lib/consoleService.js - try to connect master: "gate", "127.0.0.1", 3005
[2013-01-07 20:57:18.261] [DEBUG] /node_modules/pomelo/lib/modules/afterStart.js - after start: "gate-server-1"
[2013-01-07 20:57:18.264] [INFO] console - info: 'socket.io started'
[2013-01-07 20:57:18.265] [INFO] /node_modules/pomelo/lib/modules/afterStart.js - server "gate-server-1" started.
[2013-01-07 21:06:11.547] [INFO] /node_modules/pomelo/lib/application.js - application inited: "gate-server-1"
[2013-01-07 21:06:12.001] [INFO] /node_modules/pomelo/node_modules/pomelo-admin/lib/consoleService.js - try to connect master: "gate", "127.0.0.1", 3005
[2013-01-07 21:06:12.071] [DEBUG] /node_modules/pomelo/lib/modules/afterStart.js - after start: "gate-server-1"
[2013-01-07 21:06:12.075] [INFO] console - info: 'socket.io started'
[2013-01-07 21:06:12.075] [INFO] /node_modules/pomelo/lib/modules/afterStart.js - server "gate-server-1" started.
[2013-01-07 21:15:31.198] [INFO] /node_modules/pomelo/lib/application.js - application inited: "gate-server-1"
[2013-01-07 21:15:31.617] [INFO] /node_modules/pomelo/node_modules/pomelo-admin/lib/consoleService.js - try to connect master: "gate", "127.0.0.1", 3005
[2013-01-07 21:15:31.693] [DEBUG] /node_modules/pomelo/lib/modules/afterStart.js - after start: "gate-server-1"
[2013-01-07 21:15:31.696] [INFO] console - info: 'socket.io started'
[2013-01-07 21:15:31.697] [INFO] /node_modules/pomelo/lib/modules/afterStart.js - server "gate-server-1" started.
[2013-01-07 22:07:59.431] [INFO] /node_modules/pomelo/lib/application.js - application inited: "gate-server-1"
[2013-01-07 22:07:59.859] [INFO] /node_modules/pomelo/node_modules/pomelo-admin/lib/consoleService.js - try to connect master: "gate", "127.0.0.1", 3005
[2013-01-07 22:09:18.304] [INFO] /node_modules/pomelo/lib/application.js - application inited: "gate-server-1"
[2013-01-07 22:09:18.798] [INFO] /node_modules/pomelo/node_modules/pomelo-admin/lib/consoleService.js - try to connect master: "gate", "127.0.0.1", 3005
[2013-01-07 22:09:18.860] [DEBUG] /node_modules/pomelo/lib/modules/afterStart.js - after start: "gate-server-1"
[2013-01-07 22:09:18.864] [INFO] console - info: 'socket.io started'
[2013-01-07 22:09:18.864] [INFO] /node_modules/pomelo/lib/modules/afterStart.js - server "gate-server-1" started.
[2013-01-07 22:10:36.066] [INFO] /node_modules/pomelo/lib/application.js - application inited: "gate-server-1"
[2013-01-07 22:10:36.519] [INFO] /node_modules/pomelo/node_modules/pomelo-admin/lib/consoleService.js - try to connect master: "gate", "127.0.0.1", 3005
[2013-01-07 22:10:36.598] [DEBUG] /node_modules/pomelo/lib/modules/afterStart.js - after start: "gate-server-1"
[2013-01-07 22:10:36.602] [INFO] console - info: 'socket.io started'
[2013-01-07 22:10:36.602] [INFO] /node_modules/pomelo/lib/modules/afterStart.js - server "gate-server-1" started.
[2013-01-07 22:11:37.561] [INFO] /node_modules/pomelo/lib/application.js - application inited: "gate-server-1"
[2013-01-07 22:11:38.075] [INFO] /node_modules/pomelo/node_modules/pomelo-admin/lib/consoleService.js - try to connect master: "gate", "127.0.0.1", 3005
[2013-01-07 22:11:38.126] [DEBUG] /node_modules/pomelo/lib/modules/afterStart.js - after start: "gate-server-1"
[2013-01-07 22:11:38.129] [INFO] console - info: 'socket.io started'
[2013-01-07 22:11:38.130] [INFO] /node_modules/pomelo/lib/modules/afterStart.js - server "gate-server-1" started.
[2013-01-07 22:13:59.721] [INFO] /node_modules/pomelo/lib/application.js - application inited: "gate-server-1"
[2013-01-07 22:14:00.140] [INFO] /node_modules/pomelo/node_modules/pomelo-admin/lib/consoleService.js - try to connect master: "gate", "127.0.0.1", 3005
[2013-01-07 22:14:00.220] [DEBUG] /node_modules/pomelo/lib/modules/afterStart.js - after start: "gate-server-1"
[2013-01-07 22:14:00.224] [INFO] console - info: 'socket.io started'
[2013-01-07 22:14:00.225] [INFO] /node_modules/pomelo/lib/modules/afterStart.js - server "gate-server-1" started.
[2013-01-07 22:14:41.588] [INFO] /node_modules/pomelo/lib/application.js - application inited: "gate-server-1"
[2013-01-07 22:14:42.015] [INFO] /node_modules/pomelo/node_modules/pomelo-admin/lib/consoleService.js - try to connect master: "gate", "127.0.0.1", 3005
[2013-01-07 22:14:42.099] [DEBUG] /node_modules/pomelo/lib/modules/afterStart.js - after start: "gate-server-1"
[2013-01-07 22:14:42.103] [INFO] console - info: 'socket.io started'
[2013-01-07 22:14:42.103] [INFO] /node_modules/pomelo/lib/modules/afterStart.js - server "gate-server-1" started.
[2013-01-07 22:15:50.500] [INFO] /node_modules/pomelo/lib/application.js - application inited: "gate-server-1"
[2013-01-07 22:15:50.925] [INFO] /node_modules/pomelo/node_modules/pomelo-admin/lib/consoleService.js - try to connect master: "gate", "127.0.0.1", 3005
[2013-01-07 22:15:50.986] [DEBUG] /node_modules/pomelo/lib/modules/afterStart.js - after start: "gate-server-1"
[2013-01-07 22:15:50.990] [INFO] console - info: 'socket.io started'
[2013-01-07 22:15:50.990] [INFO] /node_modules/pomelo/lib/modules/afterStart.js - server "gate-server-1" started.
[2013-01-07 22:17:21.410] [INFO] /node_modules/pomelo/lib/application.js - application inited: "gate-server-1"
[2013-01-07 22:17:21.826] [INFO] /node_modules/pomelo/node_modules/pomelo-admin/lib/consoleService.js - try to connect master: "gate", "127.0.0.1", 3005
[2013-01-07 22:17:21.899] [DEBUG] /node_modules/pomelo/lib/modules/afterStart.js - after start: "gate-server-1"
[2013-01-07 22:17:21.903] [INFO] console - info: 'socket.io started'
[2013-01-07 22:17:21.903] [INFO] /node_modules/pomelo/lib/modules/afterStart.js - server "gate-server-1" started.
[2013-01-07 22:24:00.967] [INFO] /node_modules/pomelo/lib/application.js - application inited: "gate-server-1"
[2013-01-07 22:24:01.400] [INFO] /node_modules/pomelo/node_modules/pomelo-admin/lib/consoleService.js - try to connect master: "gate", "127.0.0.1", 3005
[2013-01-07 22:24:01.456] [DEBUG] /node_modules/pomelo/lib/modules/afterStart.js - after start: "gate-server-1"
[2013-01-07 22:24:01.460] [INFO] console - info: 'socket.io started'
[2013-01-07 22:24:01.461] [INFO] /node_modules/pomelo/lib/modules/afterStart.js - server "gate-server-1" started.
[2013-01-07 22:40:04.921] [INFO] /node_modules/pomelo/lib/application.js - application inited: "gate-server-1"
[2013-01-07 22:40:05.362] [INFO] /node_modules/pomelo/node_modules/pomelo-admin/lib/consoleService.js - try to connect master: "gate", "127.0.0.1", 3005
[2013-01-07 22:42:41.739] [INFO] /node_modules/pomelo/lib/application.js - application inited: "gate-server-1"
[2013-01-07 22:42:42.169] [INFO] /node_modules/pomelo/node_modules/pomelo-admin/lib/consoleService.js - try to connect master: "gate", "127.0.0.1", 3005
[2013-01-07 22:43:51.808] [INFO] /node_modules/pomelo/lib/application.js - application inited: "gate-server-1"
[2013-01-07 22:43:52.239] [INFO] /node_modules/pomelo/node_modules/pomelo-admin/lib/consoleService.js - try to connect master: "gate", "127.0.0.1", 3005
[2013-01-07 22:44:41.545] [INFO] /node_modules/pomelo/lib/application.js - application inited: "gate-server-1"
[2013-01-07 22:44:41.991] [INFO] /node_modules/pomelo/node_modules/pomelo-admin/lib/consoleService.js - try to connect master: "gate", "127.0.0.1", 3005
[2013-01-07 22:44:42.067] [DEBUG] /node_modules/pomelo/lib/modules/afterStart.js - after start: "gate-server-1"
[2013-01-07 22:44:42.071] [INFO] console - info: 'socket.io started'
[2013-01-07 22:44:42.071] [INFO] /node_modules/pomelo/lib/modules/afterStart.js - server "gate-server-1" started.
[2013-01-07 22:45:30.933] [INFO] /node_modules/pomelo/lib/application.js - application inited: "gate-server-1"
[2013-01-07 22:45:31.346] [INFO] /node_modules/pomelo/node_modules/pomelo-admin/lib/consoleService.js - try to connect master: "gate", "127.0.0.1", 3005
[2013-01-07 22:45:58.615] [INFO] /node_modules/pomelo/lib/application.js - application inited: "gate-server-1"
[2013-01-07 22:45:59.055] [INFO] /node_modules/pomelo/node_modules/pomelo-admin/lib/consoleService.js - try to connect master: "gate", "127.0.0.1", 3005
[2013-01-07 22:45:59.144] [DEBUG] /node_modules/pomelo/lib/modules/afterStart.js - after start: "gate-server-1"
[2013-01-07 22:45:59.148] [INFO] console - info: 'socket.io started'
[2013-01-07 22:45:59.148] [INFO] /node_modules/pomelo/lib/modules/afterStart.js - server "gate-server-1" started.
[2013-01-07 22:48:02.578] [INFO] /node_modules/pomelo/lib/application.js - application inited: "gate-server-1"
[2013-01-07 22:48:03.021] [INFO] /node_modules/pomelo/node_modules/pomelo-admin/lib/consoleService.js - try to connect master: "gate", "127.0.0.1", 3005
[2013-01-07 22:48:03.116] [DEBUG] /node_modules/pomelo/lib/modules/afterStart.js - after start: "gate-server-1"
[2013-01-07 22:48:03.120] [INFO] console - info: 'socket.io started'
[2013-01-07 22:48:03.121] [INFO] /node_modules/pomelo/lib/modules/afterStart.js - server "gate-server-1" started.
[2013-01-08 09:30:50.013] [INFO] /node_modules/pomelo/lib/application.js - application inited: "gate-server-1"
[2013-01-08 09:30:50.794] [INFO] /node_modules/pomelo/node_modules/pomelo-admin/lib/consoleService.js - try to connect master: "gate", "127.0.0.1", 3005
[2013-01-08 09:30:50.912] [DEBUG] /node_modules/pomelo/lib/modules/afterStart.js - after start: "gate-server-1"
[2013-01-08 09:30:50.915] [INFO] console - info: 'socket.io started'
[2013-01-08 09:30:50.916] [INFO] /node_modules/pomelo/lib/modules/afterStart.js - server "gate-server-1" started.
[2013-01-10 17:10:34.401] [INFO] /node_modules/pomelo/lib/application.js - application inited: "gate-server-1"
[2013-01-10 17:10:35.095] [INFO] /node_modules/pomelo/node_modules/pomelo-admin/lib/consoleService.js - try to connect master: "gate", "127.0.0.1", 3005
[2013-01-10 17:10:35.185] [DEBUG] /node_modules/pomelo/lib/modules/afterStart.js - after start: "gate-server-1"
[2013-01-10 17:10:35.189] [INFO] console - info: 'socket.io started'
[2013-01-10 17:10:35.189] [INFO] /node_modules/pomelo/lib/modules/afterStart.js - server "gate-server-1" started.
[2013-01-10 17:12:11.937] [INFO] /node_modules/pomelo/lib/application.js - application inited: "gate-server-1"
[2013-01-10 17:12:12.356] [INFO] /node_modules/pomelo/node_modules/pomelo-admin/lib/consoleService.js - try to connect master: "gate", "127.0.0.1", 3005
[2013-01-10 17:12:12.436] [DEBUG] /node_modules/pomelo/lib/modules/afterStart.js - after start: "gate-server-1"
[2013-01-10 17:12:12.441] [INFO] console - info: 'socket.io started'
[2013-01-10 17:12:12.441] [INFO] /node_modules/pomelo/lib/modules/afterStart.js - server "gate-server-1" started.
[2013-01-10 19:35:15.378] [INFO] /node_modules/pomelo/lib/application.js - application inited: "gate-server-1"
[2013-01-10 19:35:15.808] [INFO] /node_modules/pomelo/node_modules/pomelo-admin/lib/consoleService.js - try to connect master: "gate", "127.0.0.1", 3005
[2013-01-10 19:35:15.869] [DEBUG] /node_modules/pomelo/lib/modules/afterStart.js - after start: "gate-server-1"
[2013-01-10 19:35:15.873] [INFO] console - info: 'socket.io started'
[2013-01-10 19:35:15.874] [INFO] /node_modules/pomelo/lib/modules/afterStart.js - server "gate-server-1" started.
[2013-01-10 20:17:02.953] [INFO] /node_modules/pomelo/lib/application.js - application inited: "gate-server-1"
[2013-01-10 20:17:03.379] [INFO] /node_modules/pomelo/node_modules/pomelo-admin/lib/consoleService.js - try to connect master: "gate", "127.0.0.1", 3005
[2013-01-10 20:17:03.452] [DEBUG] /node_modules/pomelo/lib/modules/afterStart.js - after start: "gate-server-1"
[2013-01-10 20:17:03.456] [INFO] console - info: 'socket.io started'
[2013-01-10 20:17:03.456] [INFO] /node_modules/pomelo/lib/modules/afterStart.js - server "gate-server-1" started.
[2013-01-13 15:22:36.759] [INFO] /node_modules/pomelo/lib/application.js - application inited: "gate-server-1"
[2013-01-13 15:22:37.500] [INFO] /node_modules/pomelo/node_modules/pomelo-admin/lib/consoleService.js - try to connect master: "gate", "127.0.0.1", 3005
[2013-01-13 15:22:37.595] [DEBUG] /node_modules/pomelo/lib/modules/afterStart.js - after start: "gate-server-1"
[2013-01-13 15:22:37.599] [INFO] console - info: 'socket.io started'
[2013-01-13 15:22:37.599] [INFO] /node_modules/pomelo/lib/modules/afterStart.js - server "gate-server-1" started.
[2013-01-14 15:18:58.275] [INFO] /node_modules/pomelo/lib/application.js - application inited: "gate-server-1"
[2013-01-14 15:18:58.947] [INFO] /node_modules/pomelo/node_modules/pomelo-admin/lib/consoleService.js - try to connect master: "gate", "127.0.0.1", 3005
[2013-01-14 15:18:59.050] [DEBUG] /node_modules/pomelo/lib/modules/afterStart.js - after start: "gate-server-1"
[2013-01-14 15:18:59.054] [INFO] console - info: 'socket.io started'
[2013-01-14 15:18:59.055] [INFO] /node_modules/pomelo/lib/modules/afterStart.js - server "gate-server-1" started.
[2013-01-14 16:47:29.393] [INFO] /node_modules/pomelo/lib/application.js - application inited: "gate-server-1"
[2013-01-14 16:47:30.052] [INFO] /node_modules/pomelo/node_modules/pomelo-admin/lib/consoleService.js - try to connect master: "gate", "127.0.0.1", 3005
[2013-01-14 16:47:30.304] [DEBUG] /node_modules/pomelo/lib/modules/afterStart.js - after start: "gate-server-1"
[2013-01-14 16:47:30.308] [INFO] console - info: 'socket.io started'
[2013-01-14 16:47:30.308] [INFO] /node_modules/pomelo/lib/modules/afterStart.js - server "gate-server-1" started.
[2013-01-14 18:45:18.417] [INFO] /node_modules/pomelo/lib/application.js - application inited: "gate-server-1"
[2013-01-14 18:45:18.785] [INFO] /node_modules/pomelo/node_modules/pomelo-admin/lib/consoleService.js - try to connect master: "gate", "127.0.0.1", 3005
[2013-01-14 18:45:18.856] [DEBUG] /node_modules/pomelo/lib/modules/afterStart.js - after start: "gate-server-1"
[2013-01-14 18:45:18.859] [INFO] console - info: 'socket.io started'
[2013-01-14 18:45:18.860] [INFO] /node_modules/pomelo/lib/modules/afterStart.js - server "gate-server-1" started.
[2013-01-15 08:19:34.610] [INFO] /node_modules/pomelo/lib/application.js - application inited: "gate-server-1"
[2013-01-15 08:19:35.313] [INFO] /node_modules/pomelo/node_modules/pomelo-admin/lib/consoleService.js - try to connect master: "gate", "127.0.0.1", 3005
[2013-01-15 08:19:35.554] [DEBUG] /node_modules/pomelo/lib/modules/afterStart.js - after start: "gate-server-1"
[2013-01-15 08:19:35.557] [INFO] console - info: 'socket.io started'
[2013-01-15 08:19:35.557] [INFO] /node_modules/pomelo/lib/modules/afterStart.js - server "gate-server-1" started.
[2013-01-17 18:22:30.169] [INFO] /node_modules/pomelo/lib/application.js - application inited: "gate-server-1"
[2013-01-17 18:22:30.711] [INFO] /node_modules/pomelo/node_modules/pomelo-admin/lib/consoleService.js - try to connect master: "gate", "127.0.0.1", 3005
[2013-01-17 18:22:30.807] [DEBUG] /node_modules/pomelo/lib/modules/afterStart.js - after start: "gate-server-1"
[2013-01-17 18:22:30.810] [INFO] console - info: 'socket.io started'
[2013-01-17 18:22:30.811] [INFO] /node_modules/pomelo/lib/modules/afterStart.js - server "gate-server-1" started.
[2013-01-17 19:46:52.895] [INFO] /node_modules/pomelo/lib/application.js - application inited: "gate-server-1"
[2013-01-17 19:46:53.294] [INFO] /node_modules/pomelo/node_modules/pomelo-admin/lib/consoleService.js - try to connect master: "gate", "127.0.0.1", 3005
[2013-01-17 19:46:53.340] [DEBUG] /node_modules/pomelo/lib/modules/afterStart.js - after start: "gate-server-1"
[2013-01-17 19:46:53.344] [INFO] console - info: 'socket.io started'
[2013-01-17 19:46:53.344] [INFO] /node_modules/pomelo/lib/modules/afterStart.js - server "gate-server-1" started.
