[2013-01-06 21:02:26.079] [INFO] /node_modules/pomelo/lib/application.js - application inited: "chat-server-1"
[2013-01-06 21:02:26.505] [INFO] console - info: 'socket.io started'
[2013-01-06 21:02:26.522] [INFO] /node_modules/pomelo/node_modules/pomelo-admin/lib/consoleService.js - try to connect master: "chat", "127.0.0.1", 3005
[2013-01-06 21:02:26.597] [DEBUG] /node_modules/pomelo/lib/modules/afterStart.js - after start: "chat-server-1"
[2013-01-06 21:02:26.598] [INFO] /node_modules/pomelo/lib/modules/afterStart.js - server "chat-server-1" started.
[2013-01-06 21:25:20.226] [INFO] /node_modules/pomelo/lib/application.js - application inited: "chat-server-1"
[2013-01-06 21:25:20.600] [INFO] console - info: 'socket.io started'
[2013-01-06 21:25:20.612] [INFO] /node_modules/pomelo/node_modules/pomelo-admin/lib/consoleService.js - try to connect master: "chat", "127.0.0.1", 3005
[2013-01-06 21:25:20.677] [DEBUG] /node_modules/pomelo/lib/modules/afterStart.js - after start: "chat-server-1"
[2013-01-06 21:25:20.677] [INFO] /node_modules/pomelo/lib/modules/afterStart.js - server "chat-server-1" started.
[2013-01-07 20:04:42.479] [INFO] /node_modules/pomelo/lib/application.js - application inited: "chat-server-1"
[2013-01-07 20:04:43.261] [INFO] console - info: 'socket.io started'
[2013-01-07 20:04:43.323] [INFO] /node_modules/pomelo/node_modules/pomelo-admin/lib/consoleService.js - try to connect master: "chat", "127.0.0.1", 3005
[2013-01-07 20:04:43.396] [DEBUG] /node_modules/pomelo/lib/modules/afterStart.js - after start: "chat-server-1"
[2013-01-07 20:04:43.396] [INFO] /node_modules/pomelo/lib/modules/afterStart.js - server "chat-server-1" started.
[2013-01-07 20:57:17.755] [INFO] /node_modules/pomelo/lib/application.js - application inited: "chat-server-1"
[2013-01-07 20:57:18.206] [INFO] console - info: 'socket.io started'
[2013-01-07 20:57:18.216] [INFO] /node_modules/pomelo/node_modules/pomelo-admin/lib/consoleService.js - try to connect master: "chat", "127.0.0.1", 3005
[2013-01-07 20:57:18.261] [DEBUG] /node_modules/pomelo/lib/modules/afterStart.js - after start: "chat-server-1"
[2013-01-07 20:57:18.262] [INFO] /node_modules/pomelo/lib/modules/afterStart.js - server "chat-server-1" started.
[2013-01-07 21:06:11.542] [INFO] /node_modules/pomelo/lib/application.js - application inited: "chat-server-1"
[2013-01-07 21:06:12.005] [INFO] console - info: 'socket.io started'
[2013-01-07 21:06:12.017] [INFO] /node_modules/pomelo/node_modules/pomelo-admin/lib/consoleService.js - try to connect master: "chat", "127.0.0.1", 3005
[2013-01-07 21:06:12.072] [DEBUG] /node_modules/pomelo/lib/modules/afterStart.js - after start: "chat-server-1"
[2013-01-07 21:06:12.073] [INFO] /node_modules/pomelo/lib/modules/afterStart.js - server "chat-server-1" started.
[2013-01-07 21:15:31.191] [INFO] /node_modules/pomelo/lib/application.js - application inited: "chat-server-1"
[2013-01-07 21:15:31.613] [INFO] console - info: 'socket.io started'
[2013-01-07 21:15:31.627] [INFO] /node_modules/pomelo/node_modules/pomelo-admin/lib/consoleService.js - try to connect master: "chat", "127.0.0.1", 3005
[2013-01-07 21:15:31.693] [DEBUG] /node_modules/pomelo/lib/modules/afterStart.js - after start: "chat-server-1"
[2013-01-07 21:15:31.693] [INFO] /node_modules/pomelo/lib/modules/afterStart.js - server "chat-server-1" started.
[2013-01-07 22:07:59.426] [INFO] /node_modules/pomelo/lib/application.js - application inited: "chat-server-1"
[2013-01-07 22:07:59.845] [INFO] console - info: 'socket.io started'
[2013-01-07 22:07:59.854] [INFO] /node_modules/pomelo/node_modules/pomelo-admin/lib/consoleService.js - try to connect master: "chat", "127.0.0.1", 3005
[2013-01-07 22:09:18.292] [INFO] /node_modules/pomelo/lib/application.js - application inited: "chat-server-1"
[2013-01-07 22:09:18.771] [INFO] console - info: 'socket.io started'
[2013-01-07 22:09:18.784] [INFO] /node_modules/pomelo/node_modules/pomelo-admin/lib/consoleService.js - try to connect master: "chat", "127.0.0.1", 3005
[2013-01-07 22:09:18.860] [DEBUG] /node_modules/pomelo/lib/modules/afterStart.js - after start: "chat-server-1"
[2013-01-07 22:09:18.860] [INFO] /node_modules/pomelo/lib/modules/afterStart.js - server "chat-server-1" started.
[2013-01-07 22:10:36.045] [INFO] /node_modules/pomelo/lib/application.js - application inited: "chat-server-1"
[2013-01-07 22:10:36.492] [INFO] console - info: 'socket.io started'
[2013-01-07 22:10:36.506] [INFO] /node_modules/pomelo/node_modules/pomelo-admin/lib/consoleService.js - try to connect master: "chat", "127.0.0.1", 3005
[2013-01-07 22:10:36.598] [DEBUG] /node_modules/pomelo/lib/modules/afterStart.js - after start: "chat-server-1"
[2013-01-07 22:10:36.599] [INFO] /node_modules/pomelo/lib/modules/afterStart.js - server "chat-server-1" started.
[2013-01-07 22:11:37.539] [INFO] /node_modules/pomelo/lib/application.js - application inited: "chat-server-1"
[2013-01-07 22:11:38.053] [INFO] console - info: 'socket.io started'
[2013-01-07 22:11:38.063] [INFO] /node_modules/pomelo/node_modules/pomelo-admin/lib/consoleService.js - try to connect master: "chat", "127.0.0.1", 3005
[2013-01-07 22:11:38.125] [DEBUG] /node_modules/pomelo/lib/modules/afterStart.js - after start: "chat-server-1"
[2013-01-07 22:11:38.126] [INFO] /node_modules/pomelo/lib/modules/afterStart.js - server "chat-server-1" started.
[2013-01-07 22:13:59.678] [INFO] /node_modules/pomelo/lib/application.js - application inited: "chat-server-1"
[2013-01-07 22:14:00.102] [INFO] console - info: 'socket.io started'
[2013-01-07 22:14:00.112] [INFO] /node_modules/pomelo/node_modules/pomelo-admin/lib/consoleService.js - try to connect master: "chat", "127.0.0.1", 3005
[2013-01-07 22:14:00.220] [DEBUG] /node_modules/pomelo/lib/modules/afterStart.js - after start: "chat-server-1"
[2013-01-07 22:14:00.220] [INFO] /node_modules/pomelo/lib/modules/afterStart.js - server "chat-server-1" started.
[2013-01-07 22:14:41.585] [INFO] /node_modules/pomelo/lib/application.js - application inited: "chat-server-1"
[2013-01-07 22:14:42.021] [INFO] console - info: 'socket.io started'
[2013-01-07 22:14:42.044] [INFO] /node_modules/pomelo/node_modules/pomelo-admin/lib/consoleService.js - try to connect master: "chat", "127.0.0.1", 3005
[2013-01-07 22:14:42.099] [DEBUG] /node_modules/pomelo/lib/modules/afterStart.js - after start: "chat-server-1"
[2013-01-07 22:14:42.100] [INFO] /node_modules/pomelo/lib/modules/afterStart.js - server "chat-server-1" started.
[2013-01-07 22:15:50.483] [INFO] /node_modules/pomelo/lib/application.js - application inited: "chat-server-1"
[2013-01-07 22:15:50.910] [INFO] console - info: 'socket.io started'
[2013-01-07 22:15:50.920] [INFO] /node_modules/pomelo/node_modules/pomelo-admin/lib/consoleService.js - try to connect master: "chat", "127.0.0.1", 3005
[2013-01-07 22:15:50.986] [DEBUG] /node_modules/pomelo/lib/modules/afterStart.js - after start: "chat-server-1"
[2013-01-07 22:15:50.986] [INFO] /node_modules/pomelo/lib/modules/afterStart.js - server "chat-server-1" started.
[2013-01-07 22:17:21.399] [INFO] /node_modules/pomelo/lib/application.js - application inited: "chat-server-1"
[2013-01-07 22:17:21.822] [INFO] console - info: 'socket.io started'
[2013-01-07 22:17:21.834] [INFO] /node_modules/pomelo/node_modules/pomelo-admin/lib/consoleService.js - try to connect master: "chat", "127.0.0.1", 3005
[2013-01-07 22:17:21.900] [DEBUG] /node_modules/pomelo/lib/modules/afterStart.js - after start: "chat-server-1"
[2013-01-07 22:17:21.900] [INFO] /node_modules/pomelo/lib/modules/afterStart.js - server "chat-server-1" started.
[2013-01-07 22:24:00.950] [INFO] /node_modules/pomelo/lib/application.js - application inited: "chat-server-1"
[2013-01-07 22:24:01.369] [INFO] console - info: 'socket.io started'
[2013-01-07 22:24:01.383] [INFO] /node_modules/pomelo/node_modules/pomelo-admin/lib/consoleService.js - try to connect master: "chat", "127.0.0.1", 3005
[2013-01-07 22:24:01.455] [DEBUG] /node_modules/pomelo/lib/modules/afterStart.js - after start: "chat-server-1"
[2013-01-07 22:24:01.456] [INFO] /node_modules/pomelo/lib/modules/afterStart.js - server "chat-server-1" started.
[2013-01-07 22:40:04.900] [INFO] /node_modules/pomelo/lib/application.js - application inited: "chat-server-1"
[2013-01-07 22:40:05.349] [INFO] console - info: 'socket.io started'
[2013-01-07 22:40:05.358] [INFO] /node_modules/pomelo/node_modules/pomelo-admin/lib/consoleService.js - try to connect master: "chat", "127.0.0.1", 3005
[2013-01-07 22:42:41.729] [INFO] /node_modules/pomelo/lib/application.js - application inited: "chat-server-1"
[2013-01-07 22:42:42.158] [INFO] console - info: 'socket.io started'
[2013-01-07 22:42:42.166] [INFO] /node_modules/pomelo/node_modules/pomelo-admin/lib/consoleService.js - try to connect master: "chat", "127.0.0.1", 3005
[2013-01-07 22:43:51.802] [INFO] /node_modules/pomelo/lib/application.js - application inited: "chat-server-1"
[2013-01-07 22:43:52.217] [INFO] console - info: 'socket.io started'
[2013-01-07 22:43:52.229] [INFO] /node_modules/pomelo/node_modules/pomelo-admin/lib/consoleService.js - try to connect master: "chat", "127.0.0.1", 3005
[2013-01-07 22:44:41.556] [INFO] /node_modules/pomelo/lib/application.js - application inited: "chat-server-1"
[2013-01-07 22:44:41.998] [INFO] console - info: 'socket.io started'
[2013-01-07 22:44:42.008] [INFO] /node_modules/pomelo/node_modules/pomelo-admin/lib/consoleService.js - try to connect master: "chat", "127.0.0.1", 3005
[2013-01-07 22:44:42.066] [DEBUG] /node_modules/pomelo/lib/modules/afterStart.js - after start: "chat-server-1"
[2013-01-07 22:44:42.067] [INFO] /node_modules/pomelo/lib/modules/afterStart.js - server "chat-server-1" started.
[2013-01-07 22:45:30.924] [INFO] /node_modules/pomelo/lib/application.js - application inited: "chat-server-1"
[2013-01-07 22:45:31.342] [INFO] console - info: 'socket.io started'
[2013-01-07 22:45:31.352] [INFO] /node_modules/pomelo/node_modules/pomelo-admin/lib/consoleService.js - try to connect master: "chat", "127.0.0.1", 3005
[2013-01-07 22:45:58.577] [INFO] /node_modules/pomelo/lib/application.js - application inited: "chat-server-1"
[2013-01-07 22:45:59.043] [INFO] console - info: 'socket.io started'
[2013-01-07 22:45:59.054] [INFO] /node_modules/pomelo/node_modules/pomelo-admin/lib/consoleService.js - try to connect master: "chat", "127.0.0.1", 3005
[2013-01-07 22:45:59.144] [DEBUG] /node_modules/pomelo/lib/modules/afterStart.js - after start: "chat-server-1"
[2013-01-07 22:45:59.144] [INFO] /node_modules/pomelo/lib/modules/afterStart.js - server "chat-server-1" started.
[2013-01-07 22:48:02.566] [INFO] /node_modules/pomelo/lib/application.js - application inited: "chat-server-1"
[2013-01-07 22:48:03.004] [INFO] console - info: 'socket.io started'
[2013-01-07 22:48:03.013] [INFO] /node_modules/pomelo/node_modules/pomelo-admin/lib/consoleService.js - try to connect master: "chat", "127.0.0.1", 3005
[2013-01-07 22:48:03.116] [DEBUG] /node_modules/pomelo/lib/modules/afterStart.js - after start: "chat-server-1"
[2013-01-07 22:48:03.117] [INFO] /node_modules/pomelo/lib/modules/afterStart.js - server "chat-server-1" started.
[2013-01-08 09:30:49.997] [INFO] /node_modules/pomelo/lib/application.js - application inited: "chat-server-1"
[2013-01-08 09:30:50.724] [INFO] console - info: 'socket.io started'
[2013-01-08 09:30:50.787] [INFO] /node_modules/pomelo/node_modules/pomelo-admin/lib/consoleService.js - try to connect master: "chat", "127.0.0.1", 3005
[2013-01-08 09:30:50.912] [DEBUG] /node_modules/pomelo/lib/modules/afterStart.js - after start: "chat-server-1"
[2013-01-08 09:30:50.912] [INFO] /node_modules/pomelo/lib/modules/afterStart.js - server "chat-server-1" started.
[2013-01-10 17:10:34.385] [INFO] /node_modules/pomelo/lib/application.js - application inited: "chat-server-1"
[2013-01-10 17:10:35.025] [INFO] console - info: 'socket.io started'
[2013-01-10 17:10:35.034] [INFO] /node_modules/pomelo/node_modules/pomelo-admin/lib/consoleService.js - try to connect master: "chat", "127.0.0.1", 3005
[2013-01-10 17:10:35.185] [DEBUG] /node_modules/pomelo/lib/modules/afterStart.js - after start: "chat-server-1"
[2013-01-10 17:10:35.186] [INFO] /node_modules/pomelo/lib/modules/afterStart.js - server "chat-server-1" started.
[2013-01-10 17:12:11.959] [INFO] /node_modules/pomelo/lib/application.js - application inited: "chat-server-1"
[2013-01-10 17:12:12.351] [INFO] console - info: 'socket.io started'
[2013-01-10 17:12:12.363] [INFO] /node_modules/pomelo/node_modules/pomelo-admin/lib/consoleService.js - try to connect master: "chat", "127.0.0.1", 3005
[2013-01-10 17:12:12.436] [DEBUG] /node_modules/pomelo/lib/modules/afterStart.js - after start: "chat-server-1"
[2013-01-10 17:12:12.436] [INFO] /node_modules/pomelo/lib/modules/afterStart.js - server "chat-server-1" started.
[2013-01-10 19:35:15.373] [INFO] /node_modules/pomelo/lib/application.js - application inited: "chat-server-1"
[2013-01-10 19:35:15.801] [INFO] console - info: 'socket.io started'
[2013-01-10 19:35:15.811] [INFO] /node_modules/pomelo/node_modules/pomelo-admin/lib/consoleService.js - try to connect master: "chat", "127.0.0.1", 3005
[2013-01-10 19:35:15.869] [DEBUG] /node_modules/pomelo/lib/modules/afterStart.js - after start: "chat-server-1"
[2013-01-10 19:35:15.870] [INFO] /node_modules/pomelo/lib/modules/afterStart.js - server "chat-server-1" started.
[2013-01-10 20:17:02.930] [INFO] /node_modules/pomelo/lib/application.js - application inited: "chat-server-1"
[2013-01-10 20:17:03.340] [INFO] console - info: 'socket.io started'
[2013-01-10 20:17:03.351] [INFO] /node_modules/pomelo/node_modules/pomelo-admin/lib/consoleService.js - try to connect master: "chat", "127.0.0.1", 3005
[2013-01-10 20:17:03.452] [DEBUG] /node_modules/pomelo/lib/modules/afterStart.js - after start: "chat-server-1"
[2013-01-10 20:17:03.453] [INFO] /node_modules/pomelo/lib/modules/afterStart.js - server "chat-server-1" started.
[2013-01-13 15:22:36.749] [INFO] /node_modules/pomelo/lib/application.js - application inited: "chat-server-1"
[2013-01-13 15:22:37.438] [INFO] console - info: 'socket.io started'
[2013-01-13 15:22:37.447] [INFO] /node_modules/pomelo/node_modules/pomelo-admin/lib/consoleService.js - try to connect master: "chat", "127.0.0.1", 3005
[2013-01-13 15:22:37.595] [DEBUG] /node_modules/pomelo/lib/modules/afterStart.js - after start: "chat-server-1"
[2013-01-13 15:22:37.595] [INFO] /node_modules/pomelo/lib/modules/afterStart.js - server "chat-server-1" started.
[2013-01-14 15:18:58.243] [INFO] /node_modules/pomelo/lib/application.js - application inited: "chat-server-1"
[2013-01-14 15:18:58.862] [INFO] console - info: 'socket.io started'
[2013-01-14 15:18:58.871] [INFO] /node_modules/pomelo/node_modules/pomelo-admin/lib/consoleService.js - try to connect master: "chat", "127.0.0.1", 3005
[2013-01-14 15:18:59.050] [DEBUG] /node_modules/pomelo/lib/modules/afterStart.js - after start: "chat-server-1"
[2013-01-14 15:18:59.051] [INFO] /node_modules/pomelo/lib/modules/afterStart.js - server "chat-server-1" started.
[2013-01-14 16:47:29.384] [INFO] /node_modules/pomelo/lib/application.js - application inited: "chat-server-1"
[2013-01-14 16:47:30.008] [INFO] console - info: 'socket.io started'
[2013-01-14 16:47:30.015] [INFO] /node_modules/pomelo/node_modules/pomelo-admin/lib/consoleService.js - try to connect master: "chat", "127.0.0.1", 3005
[2013-01-14 16:47:30.304] [DEBUG] /node_modules/pomelo/lib/modules/afterStart.js - after start: "chat-server-1"
[2013-01-14 16:47:30.305] [INFO] /node_modules/pomelo/lib/modules/afterStart.js - server "chat-server-1" started.
[2013-01-14 18:45:18.401] [INFO] /node_modules/pomelo/lib/application.js - application inited: "chat-server-1"
[2013-01-14 18:45:18.787] [INFO] console - info: 'socket.io started'
[2013-01-14 18:45:18.796] [INFO] /node_modules/pomelo/node_modules/pomelo-admin/lib/consoleService.js - try to connect master: "chat", "127.0.0.1", 3005
[2013-01-14 18:45:18.856] [DEBUG] /node_modules/pomelo/lib/modules/afterStart.js - after start: "chat-server-1"
[2013-01-14 18:45:18.857] [INFO] /node_modules/pomelo/lib/modules/afterStart.js - server "chat-server-1" started.
[2013-01-15 08:19:34.601] [INFO] /node_modules/pomelo/lib/application.js - application inited: "chat-server-1"
[2013-01-15 08:19:35.210] [INFO] console - info: 'socket.io started'
[2013-01-15 08:19:35.219] [INFO] /node_modules/pomelo/node_modules/pomelo-admin/lib/consoleService.js - try to connect master: "chat", "127.0.0.1", 3005
[2013-01-15 08:19:35.554] [DEBUG] /node_modules/pomelo/lib/modules/afterStart.js - after start: "chat-server-1"
[2013-01-15 08:19:35.554] [INFO] /node_modules/pomelo/lib/modules/afterStart.js - server "chat-server-1" started.
[2013-01-17 18:22:30.176] [INFO] /node_modules/pomelo/lib/application.js - application inited: "chat-server-1"
[2013-01-17 18:22:30.658] [INFO] console - info: 'socket.io started'
[2013-01-17 18:22:30.667] [INFO] /node_modules/pomelo/node_modules/pomelo-admin/lib/consoleService.js - try to connect master: "chat", "127.0.0.1", 3005
[2013-01-17 18:22:30.807] [DEBUG] /node_modules/pomelo/lib/modules/afterStart.js - after start: "chat-server-1"
[2013-01-17 18:22:30.808] [INFO] /node_modules/pomelo/lib/modules/afterStart.js - server "chat-server-1" started.
[2013-01-17 19:46:52.868] [INFO] /node_modules/pomelo/lib/application.js - application inited: "chat-server-1"
[2013-01-17 19:46:53.246] [INFO] console - info: 'socket.io started'
[2013-01-17 19:46:53.255] [INFO] /node_modules/pomelo/node_modules/pomelo-admin/lib/consoleService.js - try to connect master: "chat", "127.0.0.1", 3005
[2013-01-17 19:46:53.340] [DEBUG] /node_modules/pomelo/lib/modules/afterStart.js - after start: "chat-server-1"
[2013-01-17 19:46:53.340] [INFO] /node_modules/pomelo/lib/modules/afterStart.js - server "chat-server-1" started.
[2013-01-23 14:53:00.181] [INFO] /node_modules/pomelo/lib/application.js - application inited: "chat-server-1"
[2013-01-23 14:53:00.546] [INFO] console - info: 'socket.io started'
[2013-01-23 14:53:00.558] [INFO] /node_modules/pomelo/node_modules/pomelo-admin/lib/consoleService.js - try to connect master: "chat", "127.0.0.1", 3005
[2013-01-23 14:53:00.679] [DEBUG] /node_modules/pomelo/lib/modules/afterStart.js - after start: "chat-server-1"
[2013-01-23 14:53:00.680] [INFO] /node_modules/pomelo/lib/modules/afterStart.js - server "chat-server-1" started.
[2013-01-23 15:14:41.920] [INFO] /node_modules/pomelo/lib/application.js - application inited: "chat-server-1"
[2013-01-23 15:14:42.332] [INFO] console - info: 'socket.io started'
[2013-01-23 15:14:42.346] [INFO] /node_modules/pomelo/node_modules/pomelo-admin/lib/consoleService.js - try to connect master: "chat", "127.0.0.1", 3005
[2013-01-23 15:14:42.427] [DEBUG] /node_modules/pomelo/lib/modules/afterStart.js - after start: "chat-server-1"
[2013-01-23 15:14:42.427] [INFO] /node_modules/pomelo/lib/modules/afterStart.js - server "chat-server-1" started.
[2013-01-23 15:17:47.106] [INFO] /node_modules/pomelo/lib/application.js - application inited: "chat-server-1"
[2013-01-23 15:17:47.525] [INFO] console - info: 'socket.io started'
[2013-01-23 15:17:47.538] [INFO] /node_modules/pomelo/node_modules/pomelo-admin/lib/consoleService.js - try to connect master: "chat", "127.0.0.1", 3005
[2013-01-23 15:17:47.628] [DEBUG] /node_modules/pomelo/lib/modules/afterStart.js - after start: "chat-server-1"
[2013-01-23 15:17:47.629] [INFO] /node_modules/pomelo/lib/modules/afterStart.js - server "chat-server-1" started.
[2013-01-23 15:19:22.083] [INFO] /node_modules/pomelo/lib/application.js - application inited: "chat-server-1"
[2013-01-23 15:19:22.508] [INFO] console - info: 'socket.io started'
[2013-01-23 15:19:22.522] [INFO] /node_modules/pomelo/node_modules/pomelo-admin/lib/consoleService.js - try to connect master: "chat", "127.0.0.1", 3005
[2013-01-23 15:19:22.599] [DEBUG] /node_modules/pomelo/lib/modules/afterStart.js - after start: "chat-server-1"
[2013-01-23 15:19:22.599] [INFO] /node_modules/pomelo/lib/modules/afterStart.js - server "chat-server-1" started.
[2013-01-23 15:20:14.778] [INFO] /node_modules/pomelo/lib/application.js - application inited: "chat-server-1"
[2013-01-23 15:20:15.201] [INFO] console - info: 'socket.io started'
[2013-01-23 15:20:15.214] [INFO] /node_modules/pomelo/node_modules/pomelo-admin/lib/consoleService.js - try to connect master: "chat", "127.0.0.1", 3005
[2013-01-23 15:20:15.274] [DEBUG] /node_modules/pomelo/lib/modules/afterStart.js - after start: "chat-server-1"
[2013-01-23 15:20:15.275] [INFO] /node_modules/pomelo/lib/modules/afterStart.js - server "chat-server-1" started.
[2013-01-23 15:22:38.373] [INFO] /node_modules/pomelo/lib/application.js - application inited: "chat-server-1"
[2013-01-23 15:22:38.802] [INFO] console - info: 'socket.io started'
[2013-01-23 15:22:38.815] [INFO] /node_modules/pomelo/node_modules/pomelo-admin/lib/consoleService.js - try to connect master: "chat", "127.0.0.1", 3005
[2013-01-23 15:22:38.913] [DEBUG] /node_modules/pomelo/lib/modules/afterStart.js - after start: "chat-server-1"
[2013-01-23 15:22:38.914] [INFO] /node_modules/pomelo/lib/modules/afterStart.js - server "chat-server-1" started.
[2013-01-23 15:52:08.983] [INFO] /node_modules/pomelo/lib/application.js - application inited: "chat-server-1"
[2013-01-23 15:52:09.380] [INFO] console - info: 'socket.io started'
[2013-01-23 15:52:09.392] [INFO] /node_modules/pomelo/node_modules/pomelo-admin/lib/consoleService.js - try to connect master: "chat", "127.0.0.1", 3005
[2013-01-23 15:52:09.454] [DEBUG] /node_modules/pomelo/lib/modules/afterStart.js - after start: "chat-server-1"
[2013-01-23 15:52:09.455] [INFO] /node_modules/pomelo/lib/modules/afterStart.js - server "chat-server-1" started.
[2013-01-23 16:00:40.718] [INFO] /node_modules/pomelo/lib/application.js - application inited: "chat-server-1"
[2013-01-23 16:00:41.109] [INFO] console - info: 'socket.io started'
[2013-01-23 16:00:41.122] [INFO] /node_modules/pomelo/node_modules/pomelo-admin/lib/consoleService.js - try to connect master: "chat", "127.0.0.1", 3005
[2013-01-23 16:00:41.190] [DEBUG] /node_modules/pomelo/lib/modules/afterStart.js - after start: "chat-server-1"
[2013-01-23 16:00:41.191] [INFO] /node_modules/pomelo/lib/modules/afterStart.js - server "chat-server-1" started.
[2013-01-23 17:10:25.028] [INFO] /node_modules/pomelo/lib/application.js - application inited: "chat-server-1"
[2013-01-23 17:10:25.456] [INFO] console - info: 'socket.io started'
[2013-01-23 17:10:25.476] [INFO] /node_modules/pomelo/node_modules/pomelo-admin/lib/consoleService.js - try to connect master: "chat", "127.0.0.1", 3005
[2013-01-23 17:10:25.529] [DEBUG] /node_modules/pomelo/lib/modules/afterStart.js - after start: "chat-server-1"
[2013-01-23 17:10:25.530] [INFO] /node_modules/pomelo/lib/modules/afterStart.js - server "chat-server-1" started.
[2013-01-26 10:09:26.724] [INFO] /node_modules/pomelo/lib/application.js - application inited: "chat-server-1"
[2013-01-26 10:09:27.222] [INFO] console - info: 'socket.io started'
[2013-01-26 10:09:27.235] [INFO] /node_modules/pomelo/node_modules/pomelo-admin/lib/consoleService.js - try to connect master: "chat", "127.0.0.1", 3005
[2013-01-26 10:09:27.492] [DEBUG] /node_modules/pomelo/lib/modules/afterStart.js - after start: "chat-server-1"
[2013-01-26 10:09:27.492] [INFO] /node_modules/pomelo/lib/modules/afterStart.js - server "chat-server-1" started.
[2013-01-26 10:17:09.232] [INFO] /node_modules/pomelo/lib/application.js - application inited: "chat-server-1"
[2013-01-26 10:17:09.652] [INFO] console - info: 'socket.io started'
[2013-01-26 10:17:09.663] [INFO] /node_modules/pomelo/node_modules/pomelo-admin/lib/consoleService.js - try to connect master: "chat", "127.0.0.1", 3005
[2013-01-26 10:17:09.734] [DEBUG] /node_modules/pomelo/lib/modules/afterStart.js - after start: "chat-server-1"
[2013-01-26 10:17:09.735] [INFO] /node_modules/pomelo/lib/modules/afterStart.js - server "chat-server-1" started.
[2013-01-26 11:10:09.367] [INFO] /node_modules/pomelo/lib/application.js - application inited: "chat-server-1"
[2013-01-26 11:10:09.755] [INFO] console - info: 'socket.io started'
[2013-01-26 11:10:09.767] [INFO] /node_modules/pomelo/node_modules/pomelo-admin/lib/consoleService.js - try to connect master: "chat", "127.0.0.1", 3005
[2013-01-26 11:10:09.841] [DEBUG] /node_modules/pomelo/lib/modules/afterStart.js - after start: "chat-server-1"
[2013-01-26 11:10:09.842] [INFO] /node_modules/pomelo/lib/modules/afterStart.js - server "chat-server-1" started.
[2013-01-26 11:34:43.553] [INFO] /node_modules/pomelo/lib/application.js - application inited: "chat-server-1"
[2013-01-26 11:34:44.000] [INFO] console - info: 'socket.io started'
[2013-01-26 11:34:44.014] [INFO] /node_modules/pomelo/node_modules/pomelo-admin/lib/consoleService.js - try to connect master: "chat", "127.0.0.1", 3005
[2013-01-26 11:34:44.138] [DEBUG] /node_modules/pomelo/lib/modules/afterStart.js - after start: "chat-server-1"
[2013-01-26 11:34:44.139] [INFO] /node_modules/pomelo/lib/modules/afterStart.js - server "chat-server-1" started.
[2013-01-26 11:47:17.908] [INFO] /node_modules/pomelo/lib/application.js - application inited: "chat-server-1"
[2013-01-26 11:47:18.336] [INFO] console - info: 'socket.io started'
[2013-01-26 11:47:18.352] [INFO] /node_modules/pomelo/node_modules/pomelo-admin/lib/consoleService.js - try to connect master: "chat", "127.0.0.1", 3005
[2013-01-26 11:47:18.410] [DEBUG] /node_modules/pomelo/lib/modules/afterStart.js - after start: "chat-server-1"
[2013-01-26 11:47:18.411] [INFO] /node_modules/pomelo/lib/modules/afterStart.js - server "chat-server-1" started.
[2013-01-26 11:48:49.759] [INFO] /node_modules/pomelo/lib/application.js - application inited: "chat-server-1"
[2013-01-26 11:48:50.187] [INFO] console - info: 'socket.io started'
[2013-01-26 11:48:50.199] [INFO] /node_modules/pomelo/node_modules/pomelo-admin/lib/consoleService.js - try to connect master: "chat", "127.0.0.1", 3005
[2013-01-26 11:48:50.280] [DEBUG] /node_modules/pomelo/lib/modules/afterStart.js - after start: "chat-server-1"
[2013-01-26 11:48:50.280] [INFO] /node_modules/pomelo/lib/modules/afterStart.js - server "chat-server-1" started.
[2013-01-26 11:50:41.070] [INFO] /node_modules/pomelo/lib/application.js - application inited: "chat-server-1"
[2013-01-26 11:50:41.496] [INFO] console - info: 'socket.io started'
[2013-01-26 11:50:41.507] [INFO] /node_modules/pomelo/node_modules/pomelo-admin/lib/consoleService.js - try to connect master: "chat", "127.0.0.1", 3005
[2013-01-26 11:50:41.580] [DEBUG] /node_modules/pomelo/lib/modules/afterStart.js - after start: "chat-server-1"
[2013-01-26 11:50:41.580] [INFO] /node_modules/pomelo/lib/modules/afterStart.js - server "chat-server-1" started.
[2013-01-26 11:51:57.708] [INFO] /node_modules/pomelo/lib/application.js - application inited: "chat-server-1"
[2013-01-26 11:51:58.117] [INFO] console - info: 'socket.io started'
[2013-01-26 11:51:58.131] [INFO] /node_modules/pomelo/node_modules/pomelo-admin/lib/consoleService.js - try to connect master: "chat", "127.0.0.1", 3005
[2013-01-26 11:51:58.248] [DEBUG] /node_modules/pomelo/lib/modules/afterStart.js - after start: "chat-server-1"
[2013-01-26 11:51:58.249] [INFO] /node_modules/pomelo/lib/modules/afterStart.js - server "chat-server-1" started.
[2013-01-26 11:53:09.754] [INFO] /node_modules/pomelo/lib/application.js - application inited: "chat-server-1"
[2013-01-26 11:53:10.162] [INFO] console - info: 'socket.io started'
[2013-01-26 11:53:10.175] [INFO] /node_modules/pomelo/node_modules/pomelo-admin/lib/consoleService.js - try to connect master: "chat", "127.0.0.1", 3005
[2013-01-26 11:53:10.298] [DEBUG] /node_modules/pomelo/lib/modules/afterStart.js - after start: "chat-server-1"
[2013-01-26 11:53:10.299] [INFO] /node_modules/pomelo/lib/modules/afterStart.js - server "chat-server-1" started.
[2013-01-27 19:18:58.412] [INFO] /node_modules/pomelo/lib/application.js - application inited: "chat-server-1"
[2013-01-27 19:18:58.919] [INFO] console - info: 'socket.io started'
[2013-01-27 19:18:58.929] [INFO] /node_modules/pomelo/node_modules/pomelo-admin/lib/consoleService.js - try to connect master: "chat", "127.0.0.1", 3005
[2013-01-27 19:18:59.070] [DEBUG] /node_modules/pomelo/lib/modules/afterStart.js - after start: "chat-server-1"
[2013-01-27 19:18:59.071] [INFO] /node_modules/pomelo/lib/modules/afterStart.js - server "chat-server-1" started.
[2013-01-27 21:23:06.316] [INFO] /node_modules/pomelo/lib/application.js - application inited: "chat-server-1"
[2013-01-27 21:23:06.719] [INFO] console - info: 'socket.io started'
[2013-01-27 21:23:06.730] [INFO] /node_modules/pomelo/node_modules/pomelo-admin/lib/consoleService.js - try to connect master: "chat", "127.0.0.1", 3005
[2013-01-27 21:23:06.804] [DEBUG] /node_modules/pomelo/lib/modules/afterStart.js - after start: "chat-server-1"
[2013-01-27 21:23:06.805] [INFO] /node_modules/pomelo/lib/modules/afterStart.js - server "chat-server-1" started.
[2013-01-27 21:26:50.830] [INFO] /node_modules/pomelo/lib/application.js - application inited: "chat-server-1"
[2013-01-27 21:26:51.223] [INFO] console - info: 'socket.io started'
[2013-01-27 21:26:51.235] [INFO] /node_modules/pomelo/node_modules/pomelo-admin/lib/consoleService.js - try to connect master: "chat", "127.0.0.1", 3005
[2013-01-27 21:26:51.320] [DEBUG] /node_modules/pomelo/lib/modules/afterStart.js - after start: "chat-server-1"
[2013-01-27 21:26:51.320] [INFO] /node_modules/pomelo/lib/modules/afterStart.js - server "chat-server-1" started.
[2013-01-27 21:28:07.896] [INFO] /node_modules/pomelo/lib/application.js - application inited: "chat-server-1"
[2013-01-27 21:28:08.285] [INFO] console - info: 'socket.io started'
[2013-01-27 21:28:08.297] [INFO] /node_modules/pomelo/node_modules/pomelo-admin/lib/consoleService.js - try to connect master: "chat", "127.0.0.1", 3005
[2013-01-27 21:28:08.367] [DEBUG] /node_modules/pomelo/lib/modules/afterStart.js - after start: "chat-server-1"
[2013-01-27 21:28:08.369] [INFO] /node_modules/pomelo/lib/modules/afterStart.js - server "chat-server-1" started.
[2013-01-27 21:28:24.651] [INFO] /node_modules/pomelo/lib/application.js - application inited: "chat-server-1"
[2013-01-27 21:28:25.026] [INFO] console - info: 'socket.io started'
[2013-01-27 21:28:25.038] [INFO] /node_modules/pomelo/node_modules/pomelo-admin/lib/consoleService.js - try to connect master: "chat", "127.0.0.1", 3005
[2013-01-27 21:28:25.134] [DEBUG] /node_modules/pomelo/lib/modules/afterStart.js - after start: "chat-server-1"
[2013-01-27 21:28:25.135] [INFO] /node_modules/pomelo/lib/modules/afterStart.js - server "chat-server-1" started.
[2013-01-27 21:28:53.310] [INFO] /node_modules/pomelo/lib/application.js - application inited: "chat-server-1"
[2013-01-27 21:28:53.698] [INFO] console - info: 'socket.io started'
[2013-01-27 21:28:53.710] [INFO] /node_modules/pomelo/node_modules/pomelo-admin/lib/consoleService.js - try to connect master: "chat", "127.0.0.1", 3005
[2013-01-27 21:28:53.795] [DEBUG] /node_modules/pomelo/lib/modules/afterStart.js - after start: "chat-server-1"
[2013-01-27 21:28:53.796] [INFO] /node_modules/pomelo/lib/modules/afterStart.js - server "chat-server-1" started.
[2013-01-27 21:29:48.309] [INFO] /node_modules/pomelo/lib/application.js - application inited: "chat-server-1"
[2013-01-27 21:29:48.697] [INFO] console - info: 'socket.io started'
[2013-01-27 21:29:48.710] [INFO] /node_modules/pomelo/node_modules/pomelo-admin/lib/consoleService.js - try to connect master: "chat", "127.0.0.1", 3005
[2013-01-27 21:29:48.795] [DEBUG] /node_modules/pomelo/lib/modules/afterStart.js - after start: "chat-server-1"
[2013-01-27 21:29:48.796] [INFO] /node_modules/pomelo/lib/modules/afterStart.js - server "chat-server-1" started.
[2013-01-27 21:29:50.828] [ERROR] console -  Caught exception: TypeError: Object 1 has no method 'split'
    at ChatRemote.get (/Users/xiaohei107/Documents/资料/Github资料/TanksWar-Server/game-server/app/servers/chat/remote/chatRemote.js:44:25)
    at ChatRemote.add (/Users/xiaohei107/Documents/资料/Github资料/TanksWar-Server/game-server/app/servers/chat/remote/chatRemote.js:25:11)
    at Object.module.exports.route (/Users/xiaohei107/Documents/资料/Github资料/TanksWar-Server/game-server/node_modules/pomelo/node_modules/pomelo-rpc/lib/rpc-server/dispatcher.js:31:9)
    at /Users/xiaohei107/Documents/资料/Github资料/TanksWar-Server/game-server/node_modules/pomelo/node_modules/pomelo-rpc/lib/rpc-server/gateway.js:16:14
    at processMsg (/Users/xiaohei107/Documents/资料/Github资料/TanksWar-Server/game-server/node_modules/pomelo/node_modules/pomelo-rpc/lib/rpc-server/acceptors/ws-acceptor.js:87:14)
    at Socket.pro.listen (/Users/xiaohei107/Documents/资料/Github资料/TanksWar-Server/game-server/node_modules/pomelo/node_modules/pomelo-rpc/lib/rpc-server/acceptors/ws-acceptor.js:44:5)
    at Socket.EventEmitter.emit [as $emit] (events.js:96:17)
    at SocketNamespace.handlePacket (/Users/xiaohei107/Documents/资料/Github资料/TanksWar-Server/game-server/node_modules/pomelo/node_modules/socket.io/lib/namespace.js:335:22)
    at Manager.onClientMessage (/Users/xiaohei107/Documents/资料/Github资料/TanksWar-Server/game-server/node_modules/pomelo/node_modules/socket.io/lib/manager.js:488:38)
    at WebSocket.Transport.onMessage (/Users/xiaohei107/Documents/资料/Github资料/TanksWar-Server/game-server/node_modules/pomelo/node_modules/socket.io/lib/transport.js:387:20)
[2013-01-27 21:30:30.677] [INFO] /node_modules/pomelo/lib/application.js - application inited: "chat-server-1"
[2013-01-27 21:30:31.054] [INFO] console - info: 'socket.io started'
[2013-01-27 21:30:31.066] [INFO] /node_modules/pomelo/node_modules/pomelo-admin/lib/consoleService.js - try to connect master: "chat", "127.0.0.1", 3005
[2013-01-27 21:30:31.157] [DEBUG] /node_modules/pomelo/lib/modules/afterStart.js - after start: "chat-server-1"
[2013-01-27 21:30:31.158] [INFO] /node_modules/pomelo/lib/modules/afterStart.js - server "chat-server-1" started.
[2013-01-27 21:31:03.762] [ERROR] console -  Caught exception: TypeError: Object 1 has no method 'split'
    at ChatRemote.get (/Users/xiaohei107/Documents/资料/Github资料/TanksWar-Server/game-server/app/servers/chat/remote/chatRemote.js:44:25)
    at ChatRemote.add (/Users/xiaohei107/Documents/资料/Github资料/TanksWar-Server/game-server/app/servers/chat/remote/chatRemote.js:25:11)
    at Object.module.exports.route (/Users/xiaohei107/Documents/资料/Github资料/TanksWar-Server/game-server/node_modules/pomelo/node_modules/pomelo-rpc/lib/rpc-server/dispatcher.js:31:9)
    at /Users/xiaohei107/Documents/资料/Github资料/TanksWar-Server/game-server/node_modules/pomelo/node_modules/pomelo-rpc/lib/rpc-server/gateway.js:16:14
    at processMsg (/Users/xiaohei107/Documents/资料/Github资料/TanksWar-Server/game-server/node_modules/pomelo/node_modules/pomelo-rpc/lib/rpc-server/acceptors/ws-acceptor.js:87:14)
    at Socket.pro.listen (/Users/xiaohei107/Documents/资料/Github资料/TanksWar-Server/game-server/node_modules/pomelo/node_modules/pomelo-rpc/lib/rpc-server/acceptors/ws-acceptor.js:44:5)
    at Socket.EventEmitter.emit [as $emit] (events.js:96:17)
    at SocketNamespace.handlePacket (/Users/xiaohei107/Documents/资料/Github资料/TanksWar-Server/game-server/node_modules/pomelo/node_modules/socket.io/lib/namespace.js:335:22)
    at Manager.onClientMessage (/Users/xiaohei107/Documents/资料/Github资料/TanksWar-Server/game-server/node_modules/pomelo/node_modules/socket.io/lib/manager.js:488:38)
    at WebSocket.Transport.onMessage (/Users/xiaohei107/Documents/资料/Github资料/TanksWar-Server/game-server/node_modules/pomelo/node_modules/socket.io/lib/transport.js:387:20)
[2013-01-28 00:20:31.183] [INFO] /node_modules/pomelo/lib/application.js - application inited: "chat-server-1"
[2013-01-28 00:20:31.650] [INFO] console - info: 'socket.io started'
[2013-01-28 00:20:31.662] [INFO] /node_modules/pomelo/node_modules/pomelo-admin/lib/consoleService.js - try to connect master: "chat", "127.0.0.1", 3005
[2013-01-28 00:20:31.782] [DEBUG] /node_modules/pomelo/lib/modules/afterStart.js - after start: "chat-server-1"
[2013-01-28 00:20:31.782] [INFO] /node_modules/pomelo/lib/modules/afterStart.js - server "chat-server-1" started.
[2013-01-28 00:25:59.093] [INFO] /node_modules/pomelo/lib/application.js - application inited: "chat-server-1"
[2013-01-28 00:25:59.463] [INFO] console - info: 'socket.io started'
[2013-01-28 00:25:59.475] [INFO] /node_modules/pomelo/node_modules/pomelo-admin/lib/consoleService.js - try to connect master: "chat", "127.0.0.1", 3005
[2013-01-28 00:25:59.565] [DEBUG] /node_modules/pomelo/lib/modules/afterStart.js - after start: "chat-server-1"
[2013-01-28 00:25:59.565] [INFO] /node_modules/pomelo/lib/modules/afterStart.js - server "chat-server-1" started.
[2013-01-28 00:28:11.500] [INFO] /node_modules/pomelo/lib/application.js - application inited: "chat-server-1"
[2013-01-28 00:28:11.962] [INFO] console - info: 'socket.io started'
[2013-01-28 00:28:11.975] [INFO] /node_modules/pomelo/node_modules/pomelo-admin/lib/consoleService.js - try to connect master: "chat", "127.0.0.1", 3005
[2013-01-28 00:28:12.084] [DEBUG] /node_modules/pomelo/lib/modules/afterStart.js - after start: "chat-server-1"
[2013-01-28 00:28:12.084] [INFO] /node_modules/pomelo/lib/modules/afterStart.js - server "chat-server-1" started.
[2013-01-28 00:30:09.992] [INFO] /node_modules/pomelo/lib/application.js - application inited: "chat-server-1"
[2013-01-28 00:30:10.382] [INFO] console - info: 'socket.io started'
[2013-01-28 00:30:10.394] [INFO] /node_modules/pomelo/node_modules/pomelo-admin/lib/consoleService.js - try to connect master: "chat", "127.0.0.1", 3005
[2013-01-28 00:30:10.468] [DEBUG] /node_modules/pomelo/lib/modules/afterStart.js - after start: "chat-server-1"
[2013-01-28 00:30:10.469] [INFO] /node_modules/pomelo/lib/modules/afterStart.js - server "chat-server-1" started.
[2013-01-28 00:33:33.191] [INFO] /node_modules/pomelo/lib/application.js - application inited: "chat-server-1"
[2013-01-28 00:33:33.595] [INFO] console - info: 'socket.io started'
[2013-01-28 00:33:33.607] [INFO] /node_modules/pomelo/node_modules/pomelo-admin/lib/consoleService.js - try to connect master: "chat", "127.0.0.1", 3005
[2013-01-28 00:33:33.655] [DEBUG] /node_modules/pomelo/lib/modules/afterStart.js - after start: "chat-server-1"
[2013-01-28 00:33:33.655] [INFO] /node_modules/pomelo/lib/modules/afterStart.js - server "chat-server-1" started.
[2013-01-28 00:53:25.714] [INFO] /node_modules/pomelo/lib/application.js - application inited: "chat-server-1"
[2013-01-28 00:53:26.085] [INFO] console - info: 'socket.io started'
[2013-01-28 00:53:26.097] [INFO] /node_modules/pomelo/node_modules/pomelo-admin/lib/consoleService.js - try to connect master: "chat", "127.0.0.1", 3005
[2013-01-28 00:53:26.189] [DEBUG] /node_modules/pomelo/lib/modules/afterStart.js - after start: "chat-server-1"
[2013-01-28 00:53:26.190] [INFO] /node_modules/pomelo/lib/modules/afterStart.js - server "chat-server-1" started.
[2013-01-28 01:14:59.030] [INFO] /node_modules/pomelo/lib/application.js - application inited: "chat-server-1"
[2013-01-28 01:14:59.404] [INFO] console - info: 'socket.io started'
[2013-01-28 01:14:59.416] [INFO] /node_modules/pomelo/node_modules/pomelo-admin/lib/consoleService.js - try to connect master: "chat", "127.0.0.1", 3005
[2013-01-28 01:14:59.491] [DEBUG] /node_modules/pomelo/lib/modules/afterStart.js - after start: "chat-server-1"
[2013-01-28 01:14:59.492] [INFO] /node_modules/pomelo/lib/modules/afterStart.js - server "chat-server-1" started.
[2013-01-28 01:16:05.827] [INFO] /node_modules/pomelo/lib/application.js - application inited: "chat-server-1"
[2013-01-28 01:16:06.207] [INFO] console - info: 'socket.io started'
[2013-01-28 01:16:06.220] [INFO] /node_modules/pomelo/node_modules/pomelo-admin/lib/consoleService.js - try to connect master: "chat", "127.0.0.1", 3005
[2013-01-28 01:16:06.321] [DEBUG] /node_modules/pomelo/lib/modules/afterStart.js - after start: "chat-server-1"
[2013-01-28 01:16:06.323] [INFO] /node_modules/pomelo/lib/modules/afterStart.js - server "chat-server-1" started.
[2013-01-28 01:18:09.750] [INFO] /node_modules/pomelo/lib/application.js - application inited: "chat-server-1"
[2013-01-28 01:18:10.133] [INFO] console - info: 'socket.io started'
[2013-01-28 01:18:10.145] [INFO] /node_modules/pomelo/node_modules/pomelo-admin/lib/consoleService.js - try to connect master: "chat", "127.0.0.1", 3005
[2013-01-28 01:18:10.254] [DEBUG] /node_modules/pomelo/lib/modules/afterStart.js - after start: "chat-server-1"
[2013-01-28 01:18:10.255] [INFO] /node_modules/pomelo/lib/modules/afterStart.js - server "chat-server-1" started.
[2013-01-28 01:20:59.811] [INFO] /node_modules/pomelo/lib/application.js - application inited: "chat-server-1"
[2013-01-28 01:21:00.185] [INFO] console - info: 'socket.io started'
[2013-01-28 01:21:00.194] [INFO] /node_modules/pomelo/node_modules/pomelo-admin/lib/consoleService.js - try to connect master: "chat", "127.0.0.1", 3005
[2013-01-28 01:21:00.321] [DEBUG] /node_modules/pomelo/lib/modules/afterStart.js - after start: "chat-server-1"
[2013-01-28 01:21:00.322] [INFO] /node_modules/pomelo/lib/modules/afterStart.js - server "chat-server-1" started.
[2013-01-29 03:46:29.117] [INFO] /node_modules/pomelo/lib/application.js - application inited: "chat-server-1"
[2013-01-29 03:46:29.758] [INFO] console - info: 'socket.io started'
[2013-01-29 03:46:29.870] [INFO] /node_modules/pomelo/node_modules/pomelo-admin/lib/consoleService.js - try to connect master: "chat", "127.0.0.1", 3005
[2013-01-29 03:46:30.009] [DEBUG] /node_modules/pomelo/lib/modules/afterStart.js - after start: "chat-server-1"
[2013-01-29 03:46:30.010] [INFO] /node_modules/pomelo/lib/modules/afterStart.js - server "chat-server-1" started.
[2013-01-29 03:49:37.895] [INFO] /node_modules/pomelo/lib/application.js - application inited: "chat-server-1"
[2013-01-29 03:49:38.270] [INFO] console - info: 'socket.io started'
[2013-01-29 03:49:38.281] [INFO] /node_modules/pomelo/node_modules/pomelo-admin/lib/consoleService.js - try to connect master: "chat", "127.0.0.1", 3005
[2013-01-29 03:49:38.364] [DEBUG] /node_modules/pomelo/lib/modules/afterStart.js - after start: "chat-server-1"
[2013-01-29 03:49:38.365] [INFO] /node_modules/pomelo/lib/modules/afterStart.js - server "chat-server-1" started.
[2013-01-29 03:57:13.092] [INFO] /node_modules/pomelo/lib/application.js - application inited: "chat-server-1"
[2013-01-29 03:57:13.466] [INFO] console - info: 'socket.io started'
[2013-01-29 03:57:13.479] [INFO] /node_modules/pomelo/node_modules/pomelo-admin/lib/consoleService.js - try to connect master: "chat", "127.0.0.1", 3005
[2013-01-29 03:57:13.575] [DEBUG] /node_modules/pomelo/lib/modules/afterStart.js - after start: "chat-server-1"
[2013-01-29 03:57:13.576] [INFO] /node_modules/pomelo/lib/modules/afterStart.js - server "chat-server-1" started.
[2013-01-29 04:12:55.228] [INFO] /node_modules/pomelo/lib/application.js - application inited: "chat-server-1"
[2013-01-29 04:12:55.626] [INFO] console - info: 'socket.io started'
[2013-01-29 04:12:55.639] [INFO] /node_modules/pomelo/node_modules/pomelo-admin/lib/consoleService.js - try to connect master: "chat", "127.0.0.1", 3005
[2013-01-29 04:12:55.707] [DEBUG] /node_modules/pomelo/lib/modules/afterStart.js - after start: "chat-server-1"
[2013-01-29 04:12:55.708] [INFO] /node_modules/pomelo/lib/modules/afterStart.js - server "chat-server-1" started.
[2013-01-29 04:28:34.404] [INFO] /node_modules/pomelo/lib/application.js - application inited: "chat-server-1"
[2013-01-29 04:28:34.800] [INFO] console - info: 'socket.io started'
[2013-01-29 04:28:34.813] [INFO] /node_modules/pomelo/node_modules/pomelo-admin/lib/consoleService.js - try to connect master: "chat", "127.0.0.1", 3005
[2013-01-29 04:28:34.871] [DEBUG] /node_modules/pomelo/lib/modules/afterStart.js - after start: "chat-server-1"
[2013-01-29 04:28:34.872] [INFO] /node_modules/pomelo/lib/modules/afterStart.js - server "chat-server-1" started.
[2013-01-29 04:32:41.762] [INFO] /node_modules/pomelo/lib/application.js - application inited: "chat-server-1"
[2013-01-29 04:32:42.145] [INFO] console - info: 'socket.io started'
[2013-01-29 04:32:42.158] [INFO] /node_modules/pomelo/node_modules/pomelo-admin/lib/consoleService.js - try to connect master: "chat", "127.0.0.1", 3005
[2013-01-29 04:32:42.237] [DEBUG] /node_modules/pomelo/lib/modules/afterStart.js - after start: "chat-server-1"
[2013-01-29 04:32:42.237] [INFO] /node_modules/pomelo/lib/modules/afterStart.js - server "chat-server-1" started.
[2013-01-29 04:36:23.198] [INFO] /node_modules/pomelo/lib/application.js - application inited: "chat-server-1"
[2013-01-29 04:36:23.589] [INFO] console - info: 'socket.io started'
[2013-01-29 04:36:23.606] [INFO] /node_modules/pomelo/node_modules/pomelo-admin/lib/consoleService.js - try to connect master: "chat", "127.0.0.1", 3005
[2013-01-29 04:36:23.703] [DEBUG] /node_modules/pomelo/lib/modules/afterStart.js - after start: "chat-server-1"
[2013-01-29 04:36:23.703] [INFO] /node_modules/pomelo/lib/modules/afterStart.js - server "chat-server-1" started.
[2013-01-29 04:41:30.841] [INFO] /node_modules/pomelo/lib/application.js - application inited: "chat-server-1"
[2013-01-29 04:41:31.222] [INFO] console - info: 'socket.io started'
[2013-01-29 04:41:31.234] [INFO] /node_modules/pomelo/node_modules/pomelo-admin/lib/consoleService.js - try to connect master: "chat", "127.0.0.1", 3005
[2013-01-29 04:41:31.313] [DEBUG] /node_modules/pomelo/lib/modules/afterStart.js - after start: "chat-server-1"
[2013-01-29 04:41:31.313] [INFO] /node_modules/pomelo/lib/modules/afterStart.js - server "chat-server-1" started.
[2013-01-29 04:53:28.332] [INFO] /node_modules/pomelo/lib/application.js - application inited: "chat-server-1"
[2013-01-29 04:53:28.712] [INFO] console - info: 'socket.io started'
[2013-01-29 04:53:28.723] [INFO] /node_modules/pomelo/node_modules/pomelo-admin/lib/consoleService.js - try to connect master: "chat", "127.0.0.1", 3005
[2013-01-29 04:53:28.834] [DEBUG] /node_modules/pomelo/lib/modules/afterStart.js - after start: "chat-server-1"
[2013-01-29 04:53:28.835] [INFO] /node_modules/pomelo/lib/modules/afterStart.js - server "chat-server-1" started.
[2013-01-29 05:03:44.809] [INFO] /node_modules/pomelo/lib/application.js - application inited: "chat-server-1"
[2013-01-29 05:03:45.195] [INFO] console - info: 'socket.io started'
[2013-01-29 05:03:45.207] [INFO] /node_modules/pomelo/node_modules/pomelo-admin/lib/consoleService.js - try to connect master: "chat", "127.0.0.1", 3005
[2013-01-29 05:03:45.291] [DEBUG] /node_modules/pomelo/lib/modules/afterStart.js - after start: "chat-server-1"
[2013-01-29 05:03:45.292] [INFO] /node_modules/pomelo/lib/modules/afterStart.js - server "chat-server-1" started.
