[2013-02-02 00:29:28.689] [INFO] /node_modules/pomelo/lib/application.js - application inited: "chat-server-3"
[2013-02-02 00:29:29.093] [INFO] console - info: 'socket.io started'
[2013-02-02 00:29:29.095] [WARN] console - path is empty, path:/Users/xiaohei107/Documents/资料/Github资料/TanksWar-Server/game-server/app/servers/chat/handler
[2013-02-02 00:29:29.106] [INFO] /node_modules/pomelo/node_modules/pomelo-admin/lib/consoleService.js - try to connect master: "chat", "127.0.0.1", 3005
[2013-02-02 00:29:29.171] [DEBUG] /node_modules/pomelo/lib/modules/afterStart.js - after start: "chat-server-3"
[2013-02-02 00:29:29.172] [INFO] /node_modules/pomelo/lib/modules/afterStart.js - server "chat-server-3" started.
[2013-02-02 00:58:16.111] [INFO] /node_modules/pomelo/lib/application.js - application inited: "chat-server-3"
[2013-02-02 00:58:16.485] [INFO] console - info: 'socket.io started'
[2013-02-02 00:58:16.488] [WARN] console - path is empty, path:/Users/xiaohei107/Documents/资料/Github资料/TanksWar-Server/game-server/app/servers/chat/handler
[2013-02-02 00:58:16.498] [INFO] /node_modules/pomelo/node_modules/pomelo-admin/lib/consoleService.js - try to connect master: "chat", "127.0.0.1", 3005
[2013-02-02 00:58:16.594] [DEBUG] /node_modules/pomelo/lib/modules/afterStart.js - after start: "chat-server-3"
[2013-02-02 00:58:16.595] [INFO] /node_modules/pomelo/lib/modules/afterStart.js - server "chat-server-3" started.
[2013-02-02 00:59:45.012] [INFO] /node_modules/pomelo/lib/application.js - application inited: "chat-server-3"
[2013-02-02 00:59:45.417] [INFO] console - info: 'socket.io started'
[2013-02-02 00:59:45.420] [WARN] console - path is empty, path:/Users/xiaohei107/Documents/资料/Github资料/TanksWar-Server/game-server/app/servers/chat/handler
[2013-02-02 00:59:45.431] [INFO] /node_modules/pomelo/node_modules/pomelo-admin/lib/consoleService.js - try to connect master: "chat", "127.0.0.1", 3005
[2013-02-02 00:59:45.527] [DEBUG] /node_modules/pomelo/lib/modules/afterStart.js - after start: "chat-server-3"
[2013-02-02 00:59:45.528] [INFO] /node_modules/pomelo/lib/modules/afterStart.js - server "chat-server-3" started.
[2013-02-02 01:00:45.373] [INFO] /node_modules/pomelo/lib/application.js - application inited: "chat-server-3"
[2013-02-02 01:00:45.766] [INFO] console - info: 'socket.io started'
[2013-02-02 01:00:45.768] [WARN] console - path is empty, path:/Users/xiaohei107/Documents/资料/Github资料/TanksWar-Server/game-server/app/servers/chat/handler
[2013-02-02 01:00:45.779] [INFO] /node_modules/pomelo/node_modules/pomelo-admin/lib/consoleService.js - try to connect master: "chat", "127.0.0.1", 3005
[2013-02-02 01:00:45.827] [DEBUG] /node_modules/pomelo/lib/modules/afterStart.js - after start: "chat-server-3"
[2013-02-02 01:00:45.828] [INFO] /node_modules/pomelo/lib/modules/afterStart.js - server "chat-server-3" started.
[2013-02-02 01:01:05.677] [INFO] /node_modules/pomelo/lib/application.js - application inited: "chat-server-3"
[2013-02-02 01:01:06.051] [INFO] console - info: 'socket.io started'
[2013-02-02 01:01:06.053] [WARN] console - path is empty, path:/Users/xiaohei107/Documents/资料/Github资料/TanksWar-Server/game-server/app/servers/chat/handler
[2013-02-02 01:01:06.065] [INFO] /node_modules/pomelo/node_modules/pomelo-admin/lib/consoleService.js - try to connect master: "chat", "127.0.0.1", 3005
[2013-02-02 01:01:06.137] [DEBUG] /node_modules/pomelo/lib/modules/afterStart.js - after start: "chat-server-3"
[2013-02-02 01:01:06.137] [INFO] /node_modules/pomelo/lib/modules/afterStart.js - server "chat-server-3" started.
[2013-02-02 01:02:45.173] [INFO] /node_modules/pomelo/lib/application.js - application inited: "chat-server-3"
[2013-02-02 01:02:45.570] [INFO] console - info: 'socket.io started'
[2013-02-02 01:02:45.572] [WARN] console - path is empty, path:/Users/xiaohei107/Documents/资料/Github资料/TanksWar-Server/game-server/app/servers/chat/handler
[2013-02-02 01:02:45.582] [INFO] /node_modules/pomelo/node_modules/pomelo-admin/lib/consoleService.js - try to connect master: "chat", "127.0.0.1", 3005
[2013-02-02 01:02:45.667] [DEBUG] /node_modules/pomelo/lib/modules/afterStart.js - after start: "chat-server-3"
[2013-02-02 01:02:45.668] [INFO] /node_modules/pomelo/lib/modules/afterStart.js - server "chat-server-3" started.
[2013-02-02 01:03:35.506] [INFO] /node_modules/pomelo/lib/application.js - application inited: "chat-server-3"
[2013-02-02 01:03:35.898] [INFO] console - info: 'socket.io started'
[2013-02-02 01:03:35.901] [WARN] console - path is empty, path:/Users/xiaohei107/Documents/资料/Github资料/TanksWar-Server/game-server/app/servers/chat/handler
[2013-02-02 01:03:35.911] [INFO] /node_modules/pomelo/node_modules/pomelo-admin/lib/consoleService.js - try to connect master: "chat", "127.0.0.1", 3005
[2013-02-02 01:03:35.989] [DEBUG] /node_modules/pomelo/lib/modules/afterStart.js - after start: "chat-server-3"
[2013-02-02 01:03:35.989] [INFO] /node_modules/pomelo/lib/modules/afterStart.js - server "chat-server-3" started.
[2013-02-02 01:03:55.754] [INFO] /node_modules/pomelo/lib/application.js - application inited: "chat-server-3"
[2013-02-02 01:03:56.154] [INFO] console - info: 'socket.io started'
[2013-02-02 01:03:56.156] [WARN] console - path is empty, path:/Users/xiaohei107/Documents/资料/Github资料/TanksWar-Server/game-server/app/servers/chat/handler
[2013-02-02 01:03:56.165] [INFO] /node_modules/pomelo/node_modules/pomelo-admin/lib/consoleService.js - try to connect master: "chat", "127.0.0.1", 3005
[2013-02-02 01:03:56.243] [DEBUG] /node_modules/pomelo/lib/modules/afterStart.js - after start: "chat-server-3"
[2013-02-02 01:03:56.244] [INFO] /node_modules/pomelo/lib/modules/afterStart.js - server "chat-server-3" started.
[2013-02-02 01:06:06.565] [INFO] /node_modules/pomelo/lib/application.js - application inited: "chat-server-3"
[2013-02-02 01:06:06.936] [INFO] console - info: 'socket.io started'
[2013-02-02 01:06:06.968] [INFO] /node_modules/pomelo/node_modules/pomelo-admin/lib/consoleService.js - try to connect master: "area", "127.0.0.1", 3005
[2013-02-02 01:06:07.055] [DEBUG] /node_modules/pomelo/lib/modules/afterStart.js - after start: "chat-server-3"
[2013-02-02 01:06:07.055] [INFO] /node_modules/pomelo/lib/modules/afterStart.js - server "chat-server-3" started.
[2013-02-02 01:06:33.396] [INFO] console - invoke getArchitecture
[2013-02-02 01:06:33.430] [INFO] console - [ { id: 5,
    pointx: 341.3333,
    pointy: 384,
    png: 'building2.png',
    category: 'military',
    alevel: 3,
    userid: 1 },
  { id: 6,
    pointx: 512,
    pointy: 384,
    png: 'building2.png',
    category: 'military',
    alevel: 2,
    userid: 1 },
  { id: 7,
    pointx: 512,
    pointy: 230.4,
    png: 'building2.png',
    category: 'military',
    alevel: 9,
    userid: 1 } ]
[2013-02-02 01:09:15.684] [INFO] /node_modules/pomelo/lib/application.js - application inited: "chat-server-3"
[2013-02-02 01:09:16.062] [INFO] console - info: 'socket.io started'
[2013-02-02 01:09:16.090] [INFO] /node_modules/pomelo/node_modules/pomelo-admin/lib/consoleService.js - try to connect master: "area", "127.0.0.1", 3005
[2013-02-02 01:09:16.157] [DEBUG] /node_modules/pomelo/lib/modules/afterStart.js - after start: "chat-server-3"
[2013-02-02 01:09:16.158] [INFO] /node_modules/pomelo/lib/modules/afterStart.js - server "chat-server-3" started.
[2013-02-02 01:10:05.350] [INFO] /node_modules/pomelo/lib/application.js - application inited: "chat-server-3"
[2013-02-02 01:10:05.737] [INFO] console - info: 'socket.io started'
[2013-02-02 01:10:05.765] [INFO] /node_modules/pomelo/node_modules/pomelo-admin/lib/consoleService.js - try to connect master: "area", "127.0.0.1", 3005
[2013-02-02 01:10:05.819] [DEBUG] /node_modules/pomelo/lib/modules/afterStart.js - after start: "chat-server-3"
[2013-02-02 01:10:05.821] [INFO] /node_modules/pomelo/lib/modules/afterStart.js - server "chat-server-3" started.
[2013-02-02 01:13:33.157] [INFO] /node_modules/pomelo/lib/application.js - application inited: "chat-server-3"
[2013-02-02 01:13:33.544] [INFO] console - info: 'socket.io started'
[2013-02-02 01:13:33.584] [INFO] /node_modules/pomelo/node_modules/pomelo-admin/lib/consoleService.js - try to connect master: "area", "127.0.0.1", 3005
[2013-02-02 01:13:33.648] [DEBUG] /node_modules/pomelo/lib/modules/afterStart.js - after start: "chat-server-3"
[2013-02-02 01:13:33.649] [INFO] /node_modules/pomelo/lib/modules/afterStart.js - server "chat-server-3" started.
[2013-02-02 01:26:15.600] [INFO] /node_modules/pomelo/lib/application.js - application inited: "chat-server-3"
[2013-02-02 01:26:15.984] [INFO] console - info: 'socket.io started'
[2013-02-02 01:26:16.015] [INFO] /node_modules/pomelo/node_modules/pomelo-admin/lib/consoleService.js - try to connect master: "area", "127.0.0.1", 3005
[2013-02-02 01:26:16.102] [DEBUG] /node_modules/pomelo/lib/modules/afterStart.js - after start: "chat-server-3"
[2013-02-02 01:26:16.103] [INFO] /node_modules/pomelo/lib/modules/afterStart.js - server "chat-server-3" started.
[2013-02-02 04:00:19.284] [INFO] /node_modules/pomelo/lib/application.js - application inited: "chat-server-3"
[2013-02-02 04:00:19.760] [INFO] console - info: 'socket.io started'
[2013-02-02 04:00:19.869] [INFO] /node_modules/pomelo/node_modules/pomelo-admin/lib/consoleService.js - try to connect master: "area", "127.0.0.1", 3005
[2013-02-02 04:00:19.938] [DEBUG] /node_modules/pomelo/lib/modules/afterStart.js - after start: "chat-server-3"
[2013-02-02 04:00:19.939] [INFO] /node_modules/pomelo/lib/modules/afterStart.js - server "chat-server-3" started.
[2013-02-02 04:06:09.822] [INFO] /node_modules/pomelo/lib/application.js - application inited: "chat-server-3"
[2013-02-02 04:06:10.226] [INFO] console - info: 'socket.io started'
[2013-02-02 04:06:10.251] [INFO] /node_modules/pomelo/node_modules/pomelo-admin/lib/consoleService.js - try to connect master: "area", "127.0.0.1", 3005
[2013-02-02 04:06:10.300] [DEBUG] /node_modules/pomelo/lib/modules/afterStart.js - after start: "chat-server-3"
[2013-02-02 04:06:10.300] [INFO] /node_modules/pomelo/lib/modules/afterStart.js - server "chat-server-3" started.
[2013-02-02 05:41:19.023] [INFO] /node_modules/pomelo/lib/application.js - application inited: "chat-server-3"
[2013-02-02 05:41:19.479] [INFO] console - info: 'socket.io started'
[2013-02-02 05:41:19.581] [INFO] /node_modules/pomelo/node_modules/pomelo-admin/lib/consoleService.js - try to connect master: "area", "127.0.0.1", 3005
[2013-02-02 05:41:19.650] [DEBUG] /node_modules/pomelo/lib/modules/afterStart.js - after start: "chat-server-3"
[2013-02-02 05:41:19.651] [INFO] /node_modules/pomelo/lib/modules/afterStart.js - server "chat-server-3" started.
[2013-02-02 05:43:25.397] [INFO] /node_modules/pomelo/lib/application.js - application inited: "chat-server-3"
[2013-02-02 05:43:25.792] [INFO] console - info: 'socket.io started'
[2013-02-02 05:43:25.831] [INFO] /node_modules/pomelo/node_modules/pomelo-admin/lib/consoleService.js - try to connect master: "area", "127.0.0.1", 3005
[2013-02-02 05:43:25.898] [DEBUG] /node_modules/pomelo/lib/modules/afterStart.js - after start: "chat-server-3"
[2013-02-02 05:43:25.899] [INFO] /node_modules/pomelo/lib/modules/afterStart.js - server "chat-server-3" started.
[2013-02-02 05:48:34.510] [INFO] /node_modules/pomelo/lib/application.js - application inited: "chat-server-3"
[2013-02-02 05:48:34.906] [INFO] console - info: 'socket.io started'
[2013-02-02 05:48:34.936] [INFO] /node_modules/pomelo/node_modules/pomelo-admin/lib/consoleService.js - try to connect master: "area", "127.0.0.1", 3005
[2013-02-02 05:48:35.005] [DEBUG] /node_modules/pomelo/lib/modules/afterStart.js - after start: "chat-server-3"
[2013-02-02 05:48:35.006] [INFO] /node_modules/pomelo/lib/modules/afterStart.js - server "chat-server-3" started.
[2013-02-02 05:49:45.576] [INFO] /node_modules/pomelo/lib/application.js - application inited: "chat-server-3"
[2013-02-02 05:49:45.988] [INFO] console - info: 'socket.io started'
[2013-02-02 05:49:46.019] [INFO] /node_modules/pomelo/node_modules/pomelo-admin/lib/consoleService.js - try to connect master: "area", "127.0.0.1", 3005
[2013-02-02 05:49:46.078] [DEBUG] /node_modules/pomelo/lib/modules/afterStart.js - after start: "chat-server-3"
[2013-02-02 05:49:46.079] [INFO] /node_modules/pomelo/lib/modules/afterStart.js - server "chat-server-3" started.
[2013-02-02 05:57:14.442] [INFO] /node_modules/pomelo/lib/application.js - application inited: "chat-server-3"
[2013-02-02 05:57:14.823] [INFO] console - info: 'socket.io started'
[2013-02-02 05:57:14.853] [INFO] /node_modules/pomelo/node_modules/pomelo-admin/lib/consoleService.js - try to connect master: "area", "127.0.0.1", 3005
[2013-02-02 05:57:14.918] [DEBUG] /node_modules/pomelo/lib/modules/afterStart.js - after start: "chat-server-3"
[2013-02-02 05:57:14.919] [INFO] /node_modules/pomelo/lib/modules/afterStart.js - server "chat-server-3" started.
[2013-02-02 05:59:25.286] [INFO] /node_modules/pomelo/lib/application.js - application inited: "chat-server-3"
[2013-02-02 05:59:25.697] [INFO] console - info: 'socket.io started'
[2013-02-02 05:59:25.733] [INFO] /node_modules/pomelo/node_modules/pomelo-admin/lib/consoleService.js - try to connect master: "area", "127.0.0.1", 3005
[2013-02-02 05:59:25.815] [DEBUG] /node_modules/pomelo/lib/modules/afterStart.js - after start: "chat-server-3"
[2013-02-02 05:59:25.815] [INFO] /node_modules/pomelo/lib/modules/afterStart.js - server "chat-server-3" started.
[2013-02-02 06:01:12.080] [INFO] /node_modules/pomelo/lib/application.js - application inited: "chat-server-3"
[2013-02-02 06:01:12.469] [INFO] console - info: 'socket.io started'
[2013-02-02 06:01:12.496] [INFO] /node_modules/pomelo/node_modules/pomelo-admin/lib/consoleService.js - try to connect master: "area", "127.0.0.1", 3005
[2013-02-02 06:01:12.560] [DEBUG] /node_modules/pomelo/lib/modules/afterStart.js - after start: "chat-server-3"
[2013-02-02 06:01:12.561] [INFO] /node_modules/pomelo/lib/modules/afterStart.js - server "chat-server-3" started.
[2013-02-02 06:04:47.370] [INFO] /node_modules/pomelo/lib/application.js - application inited: "chat-server-3"
[2013-02-02 06:04:47.791] [INFO] console - info: 'socket.io started'
[2013-02-02 06:04:47.823] [INFO] /node_modules/pomelo/node_modules/pomelo-admin/lib/consoleService.js - try to connect master: "area", "127.0.0.1", 3005
[2013-02-02 06:04:47.887] [DEBUG] /node_modules/pomelo/lib/modules/afterStart.js - after start: "chat-server-3"
[2013-02-02 06:04:47.887] [INFO] /node_modules/pomelo/lib/modules/afterStart.js - server "chat-server-3" started.
[2013-02-02 06:05:42.413] [INFO] /node_modules/pomelo/lib/application.js - application inited: "chat-server-3"
[2013-02-02 06:05:42.838] [INFO] console - info: 'socket.io started'
[2013-02-02 06:05:42.882] [INFO] /node_modules/pomelo/node_modules/pomelo-admin/lib/consoleService.js - try to connect master: "area", "127.0.0.1", 3005
[2013-02-02 06:05:42.945] [DEBUG] /node_modules/pomelo/lib/modules/afterStart.js - after start: "chat-server-3"
[2013-02-02 06:05:42.946] [INFO] /node_modules/pomelo/lib/modules/afterStart.js - server "chat-server-3" started.
[2013-02-02 06:08:06.335] [INFO] /node_modules/pomelo/lib/application.js - application inited: "chat-server-3"
[2013-02-02 06:08:06.752] [INFO] console - info: 'socket.io started'
[2013-02-02 06:08:06.785] [INFO] /node_modules/pomelo/node_modules/pomelo-admin/lib/consoleService.js - try to connect master: "area", "127.0.0.1", 3005
[2013-02-02 06:08:06.876] [DEBUG] /node_modules/pomelo/lib/modules/afterStart.js - after start: "chat-server-3"
[2013-02-02 06:08:06.876] [INFO] /node_modules/pomelo/lib/modules/afterStart.js - server "chat-server-3" started.
